
14:17:15.671 [info] Loading 76 CA(s) from :otp store

14:17:16.009 id=1 [debug] handled request client -> server initialize in 141ms

14:17:16.019 [debug] sent notification server -> client window/logMessage

14:17:16.022 [debug] NextLS v0.23.3 has initialized!

14:17:16.022 [debug] sent notification server -> client window/logMessage

14:17:16.022 [debug] Log file located at d:/Work/Project/Git/Elixir/Challenges/trading_bot/.elixir-tools/next-ls.log

14:17:16.023 [debug] sent notification server -> client window/logMessage

14:17:16.023 id=5 [debug] sent request server -> client client/registerCapability

14:17:16.023 [info] [extension] Credo initializing with options %NextLS.InitOpts.Extensions.Credo{enable: true, cli_options: []}

14:17:23.777 [debug] sent notification server -> client window/logMessage

14:17:23.777 [debug] Booting runtimes...

14:17:23.794 id=66 [debug] sent request server -> client window/workDoneProgress/create

14:17:23.813 [debug] sent notification server -> client $/progress

14:17:23.829 [error] ** (MatchError) no match of right hand side value: {:error, {%File.Error{reason: :enoent, path: "/D:/Work/Project/Git/Elixir/Challenges/trading_bot/.elixir-tools", action: "make directory (with -p)"}, [{File, :mkdir_p!, 1, [file: ~c"lib/file.ex", line: 346]}, {NextLS.Runtime.Supervisor, :init, 1, [file: ~c"lib/next_ls/runtime/supervisor.ex", line: 18]}, {:supervisor, :init, 1, [file: ~c"supervisor.erl", line: 869]}, {:gen_server, :init_it, 2, [file: ~c"gen_server.erl", line: 2229]}, {:gen_server, :init_it, 6, [file: ~c"gen_server.erl", line: 2184]}, {:proc_lib, :init_p_do_apply, 3, [file: ~c"proc_lib.erl", line: 329]}]}}
    (next_ls 0.23.3) lib/next_ls.ex:899: anonymous fn/5 in NextLS.handle_notification/2
    (elixir 1.17.3) lib/enum.ex:2531: Enum."-reduce/3-lists^foldl/2-0-"/3
    (next_ls 0.23.3) lib/next_ls.ex:894: NextLS.handle_notification/2
    (gen_lsp 0.10.0) lib/gen_lsp.ex:478: anonymous fn/2 in GenLSP.loop/3
    (telemetry 1.2.1) /Users/runner/work/next-ls/next-ls/deps/telemetry/src/telemetry.erl:321: :telemetry.span/3
    (gen_lsp 0.10.0) lib/gen_lsp.ex:474: anonymous fn/7 in GenLSP.loop/3
    (gen_lsp 0.10.0) lib/gen_lsp.ex:553: GenLSP.attempt/4
    (stdlib 6.2) proc_lib.erl:329: :proc_lib.init_p_do_apply/3


14:17:23.829 [debug] sent notification server -> client window/logMessage

14:17:23.833 [debug] handled notification client -> server textDocument/didOpen in 3ms

14:17:23.907 [debug] handled notification client -> server workspace/didChangeWatchedFiles in 74ms

14:17:38.487 [debug] handled notification client -> server workspace/didChangeWatchedFiles in 205µs

14:17:39.029 [debug] handled notification client -> server textDocument/didOpen in 103µs

14:17:41.092 [debug] handled notification client -> server textDocument/didChange in 12ms

14:17:42.124 [debug] sent notification server -> client window/logMessage

14:17:42.124 [warning] Failed to run completion request: ** (MatchError) no match of right hand side value: :timeout
    (next_ls 0.23.3) lib/next_ls.ex:631: NextLS.handle_request/2
    (gen_lsp 0.10.0) lib/gen_lsp.ex:350: anonymous fn/2 in GenLSP.loop/3
    (telemetry 1.2.1) /Users/runner/work/next-ls/next-ls/deps/telemetry/src/telemetry.erl:321: :telemetry.span/3
    (gen_lsp 0.10.0) lib/gen_lsp.ex:349: anonymous fn/7 in GenLSP.loop/3
    (gen_lsp 0.10.0) lib/gen_lsp.ex:553: GenLSP.attempt/4
    (stdlib 6.2) proc_lib.erl:329: :proc_lib.init_p_do_apply/3


14:17:42.218 id=2 [debug] handled request client -> server textDocument/completion in 1127ms

14:17:42.218 [debug] handled notification client -> server workspace/didChangeWatchedFiles in 1ms

14:17:42.218 [debug] handled notification client -> server textDocument/didChange in 103µs

14:17:42.218 [debug] handled notification client -> server textDocument/didChange in 103µs

14:17:42.218 [debug] handled notification client -> server textDocument/didChange in 102µs

14:17:42.218 [debug] handled notification client -> server textDocument/didChange in 102µs

14:17:42.218 [debug] handled notification client -> server textDocument/didChange in 103µs

14:17:42.546 [debug] handled notification client -> server textDocument/didChange in 205µs

14:17:43.577 [debug] sent notification server -> client window/logMessage

14:17:43.577 [warning] Failed to run completion request: ** (MatchError) no match of right hand side value: :timeout
    (next_ls 0.23.3) lib/next_ls.ex:631: NextLS.handle_request/2
    (gen_lsp 0.10.0) lib/gen_lsp.ex:350: anonymous fn/2 in GenLSP.loop/3
    (telemetry 1.2.1) /Users/runner/work/next-ls/next-ls/deps/telemetry/src/telemetry.erl:321: :telemetry.span/3
    (gen_lsp 0.10.0) lib/gen_lsp.ex:349: anonymous fn/7 in GenLSP.loop/3
    (gen_lsp 0.10.0) lib/gen_lsp.ex:553: GenLSP.attempt/4
    (stdlib 6.2) proc_lib.erl:329: :proc_lib.init_p_do_apply/3


14:17:43.577 id=3 [debug] handled request client -> server textDocument/completion in 1016ms

14:17:43.577 [debug] handled notification client -> server textDocument/didChange in 102µs

14:17:43.578 [debug] handled notification client -> server textDocument/didChange in 102µs

14:17:43.578 [debug] handled notification client -> server textDocument/didChange in 103µs

14:17:43.578 [debug] handled notification client -> server textDocument/didChange in 0µs

14:17:45.068 [debug] handled notification client -> server workspace/didChangeWatchedFiles in 410µs

14:17:45.910 [debug] handled notification client -> server textDocument/didChange in 102µs

14:17:46.064 [debug] handled notification client -> server textDocument/didChange in 205µs

14:17:46.889 [debug] handled notification client -> server textDocument/didChange in 615µs

14:17:47.909 id=4 [debug] handled request client -> server textDocument/completion in 1014ms

14:17:47.910 [debug] handled notification client -> server textDocument/didChange in 307µs

14:17:47.910 [debug] handled notification client -> server textDocument/didChange in 103µs

14:17:47.910 [debug] handled notification client -> server textDocument/didChange in 102µs

14:17:47.910 [debug] handled notification client -> server textDocument/didChange in 205µs

14:17:47.909 [debug] sent notification server -> client window/logMessage

14:17:47.911 [warning] Failed to run completion request: ** (MatchError) no match of right hand side value: :timeout
    (next_ls 0.23.3) lib/next_ls.ex:631: NextLS.handle_request/2
    (gen_lsp 0.10.0) lib/gen_lsp.ex:350: anonymous fn/2 in GenLSP.loop/3
    (telemetry 1.2.1) /Users/runner/work/next-ls/next-ls/deps/telemetry/src/telemetry.erl:321: :telemetry.span/3
    (gen_lsp 0.10.0) lib/gen_lsp.ex:349: anonymous fn/7 in GenLSP.loop/3
    (gen_lsp 0.10.0) lib/gen_lsp.ex:553: GenLSP.attempt/4
    (stdlib 6.2) proc_lib.erl:329: :proc_lib.init_p_do_apply/3


14:17:48.089 [debug] handled notification client -> server textDocument/didChange in 205µs

14:17:48.245 [debug] handled notification client -> server textDocument/didChange in 205µs

14:17:48.415 [debug] handled notification client -> server textDocument/didChange in 205µs

14:17:48.585 [debug] handled notification client -> server textDocument/didChange in 205µs

14:17:48.935 [debug] handled notification client -> server textDocument/didChange in 308µs

14:17:49.947 [debug] sent notification server -> client window/logMessage

14:17:49.947 [warning] Failed to run completion request: ** (MatchError) no match of right hand side value: :timeout
    (next_ls 0.23.3) lib/next_ls.ex:631: NextLS.handle_request/2
    (gen_lsp 0.10.0) lib/gen_lsp.ex:350: anonymous fn/2 in GenLSP.loop/3
    (telemetry 1.2.1) /Users/runner/work/next-ls/next-ls/deps/telemetry/src/telemetry.erl:321: :telemetry.span/3
    (gen_lsp 0.10.0) lib/gen_lsp.ex:349: anonymous fn/7 in GenLSP.loop/3
    (gen_lsp 0.10.0) lib/gen_lsp.ex:553: GenLSP.attempt/4
    (stdlib 6.2) proc_lib.erl:329: :proc_lib.init_p_do_apply/3


14:17:49.947 id=5 [debug] handled request client -> server textDocument/completion in 1003ms

14:17:49.947 [debug] handled notification client -> server textDocument/didChange in 204µs

14:17:51.267 [debug] handled notification client -> server textDocument/didChange in 307µs

14:17:52.291 id=6 [debug] handled request client -> server textDocument/completion in 1014ms

14:17:52.291 [debug] handled notification client -> server textDocument/didChange in 205µs

14:17:52.291 [debug] sent notification server -> client window/logMessage

14:17:52.291 [warning] Failed to run completion request: ** (MatchError) no match of right hand side value: :timeout
    (next_ls 0.23.3) lib/next_ls.ex:631: NextLS.handle_request/2
    (gen_lsp 0.10.0) lib/gen_lsp.ex:350: anonymous fn/2 in GenLSP.loop/3
    (telemetry 1.2.1) /Users/runner/work/next-ls/next-ls/deps/telemetry/src/telemetry.erl:321: :telemetry.span/3
    (gen_lsp 0.10.0) lib/gen_lsp.ex:349: anonymous fn/7 in GenLSP.loop/3
    (gen_lsp 0.10.0) lib/gen_lsp.ex:553: GenLSP.attempt/4
    (stdlib 6.2) proc_lib.erl:329: :proc_lib.init_p_do_apply/3


14:17:52.344 [debug] handled notification client -> server $/cancelRequest in 52ms

14:17:53.356 [debug] sent notification server -> client window/logMessage

14:17:53.356 [warning] Failed to run completion request: ** (MatchError) no match of right hand side value: :timeout
    (next_ls 0.23.3) lib/next_ls.ex:631: NextLS.handle_request/2
    (gen_lsp 0.10.0) lib/gen_lsp.ex:350: anonymous fn/2 in GenLSP.loop/3
    (telemetry 1.2.1) /Users/runner/work/next-ls/next-ls/deps/telemetry/src/telemetry.erl:321: :telemetry.span/3
    (gen_lsp 0.10.0) lib/gen_lsp.ex:349: anonymous fn/7 in GenLSP.loop/3
    (gen_lsp 0.10.0) lib/gen_lsp.ex:553: GenLSP.attempt/4
    (stdlib 6.2) proc_lib.erl:329: :proc_lib.init_p_do_apply/3


14:17:53.356 id=7 [debug] handled request client -> server textDocument/completion in 1012ms

14:17:53.356 [debug] handled notification client -> server textDocument/didChange in 205µs

14:17:53.357 [debug] handled notification client -> server textDocument/didChange in 205µs

14:17:53.357 [debug] handled notification client -> server $/cancelRequest in 102µs

14:17:54.373 [debug] sent notification server -> client window/logMessage

14:17:54.373 [warning] Failed to run completion request: ** (MatchError) no match of right hand side value: :timeout
    (next_ls 0.23.3) lib/next_ls.ex:631: NextLS.handle_request/2
    (gen_lsp 0.10.0) lib/gen_lsp.ex:350: anonymous fn/2 in GenLSP.loop/3
    (telemetry 1.2.1) /Users/runner/work/next-ls/next-ls/deps/telemetry/src/telemetry.erl:321: :telemetry.span/3
    (gen_lsp 0.10.0) lib/gen_lsp.ex:349: anonymous fn/7 in GenLSP.loop/3
    (gen_lsp 0.10.0) lib/gen_lsp.ex:553: GenLSP.attempt/4
    (stdlib 6.2) proc_lib.erl:329: :proc_lib.init_p_do_apply/3


14:17:54.373 id=8 [debug] handled request client -> server textDocument/completion in 1015ms

14:17:54.373 [debug] handled notification client -> server textDocument/didChange in 204µs

14:17:54.373 [debug] handled notification client -> server textDocument/didChange in 103µs

14:17:54.374 [debug] handled notification client -> server textDocument/didChange in 103µs

14:17:54.374 [debug] handled notification client -> server textDocument/didChange in 102µs

14:17:54.446 [debug] handled notification client -> server textDocument/didChange in 1ms

14:17:55.468 id=9 [debug] handled request client -> server textDocument/completion in 1014ms

14:17:55.469 [debug] handled notification client -> server textDocument/didChange in 614µs

14:17:55.468 [debug] sent notification server -> client window/logMessage

14:17:55.469 [debug] handled notification client -> server textDocument/didChange in 307µs

14:17:55.469 [warning] Failed to run completion request: ** (MatchError) no match of right hand side value: :timeout
    (next_ls 0.23.3) lib/next_ls.ex:631: NextLS.handle_request/2
    (gen_lsp 0.10.0) lib/gen_lsp.ex:350: anonymous fn/2 in GenLSP.loop/3
    (telemetry 1.2.1) /Users/runner/work/next-ls/next-ls/deps/telemetry/src/telemetry.erl:321: :telemetry.span/3
    (gen_lsp 0.10.0) lib/gen_lsp.ex:349: anonymous fn/7 in GenLSP.loop/3
    (gen_lsp 0.10.0) lib/gen_lsp.ex:553: GenLSP.attempt/4
    (stdlib 6.2) proc_lib.erl:329: :proc_lib.init_p_do_apply/3


14:17:55.470 [debug] handled notification client -> server textDocument/didChange in 205µs

14:17:57.311 [debug] handled notification client -> server textDocument/didChange in 307µs

14:17:57.463 [debug] handled notification client -> server textDocument/didChange in 205µs

14:17:57.615 [debug] handled notification client -> server textDocument/didChange in 205µs

14:17:58.626 [debug] sent notification server -> client window/logMessage

14:17:58.626 [warning] Failed to run completion request: ** (MatchError) no match of right hand side value: :timeout
    (next_ls 0.23.3) lib/next_ls.ex:631: NextLS.handle_request/2
    (gen_lsp 0.10.0) lib/gen_lsp.ex:350: anonymous fn/2 in GenLSP.loop/3
    (telemetry 1.2.1) /Users/runner/work/next-ls/next-ls/deps/telemetry/src/telemetry.erl:321: :telemetry.span/3
    (gen_lsp 0.10.0) lib/gen_lsp.ex:349: anonymous fn/7 in GenLSP.loop/3
    (gen_lsp 0.10.0) lib/gen_lsp.ex:553: GenLSP.attempt/4
    (stdlib 6.2) proc_lib.erl:329: :proc_lib.init_p_do_apply/3


14:17:58.626 id=10 [debug] handled request client -> server textDocument/completion in 1008ms

14:17:58.626 [debug] handled notification client -> server textDocument/didChange in 102µs

14:17:58.627 [debug] handled notification client -> server textDocument/didChange in 102µs

14:18:06.938 [debug] handled notification client -> server textDocument/didChange in 307µs

14:18:07.332 [debug] handled notification client -> server textDocument/didChange in 205µs

14:18:07.483 [debug] handled notification client -> server textDocument/didChange in 205µs

14:18:07.642 [debug] handled notification client -> server textDocument/didChange in 409µs

14:18:08.004 [debug] handled notification client -> server textDocument/didChange in 409µs

14:18:09.022 [debug] sent notification server -> client window/logMessage

14:18:09.022 [warning] Failed to run completion request: ** (MatchError) no match of right hand side value: :timeout
    (next_ls 0.23.3) lib/next_ls.ex:631: NextLS.handle_request/2
    (gen_lsp 0.10.0) lib/gen_lsp.ex:350: anonymous fn/2 in GenLSP.loop/3
    (telemetry 1.2.1) /Users/runner/work/next-ls/next-ls/deps/telemetry/src/telemetry.erl:321: :telemetry.span/3
    (gen_lsp 0.10.0) lib/gen_lsp.ex:349: anonymous fn/7 in GenLSP.loop/3
    (gen_lsp 0.10.0) lib/gen_lsp.ex:553: GenLSP.attempt/4
    (stdlib 6.2) proc_lib.erl:329: :proc_lib.init_p_do_apply/3


14:18:09.023 id=11 [debug] handled request client -> server textDocument/completion in 1011ms

14:18:09.023 [debug] handled notification client -> server textDocument/didChange in 205µs

14:18:09.023 [debug] handled notification client -> server textDocument/didChange in 205µs

14:18:09.591 [debug] handled notification client -> server textDocument/didChange in 717µs

14:18:10.611 [debug] sent notification server -> client window/logMessage

14:18:10.612 [warning] Failed to run completion request: ** (MatchError) no match of right hand side value: :timeout
    (next_ls 0.23.3) lib/next_ls.ex:631: NextLS.handle_request/2
    (gen_lsp 0.10.0) lib/gen_lsp.ex:350: anonymous fn/2 in GenLSP.loop/3
    (telemetry 1.2.1) /Users/runner/work/next-ls/next-ls/deps/telemetry/src/telemetry.erl:321: :telemetry.span/3
    (gen_lsp 0.10.0) lib/gen_lsp.ex:349: anonymous fn/7 in GenLSP.loop/3
    (gen_lsp 0.10.0) lib/gen_lsp.ex:553: GenLSP.attempt/4
    (stdlib 6.2) proc_lib.erl:329: :proc_lib.init_p_do_apply/3


14:18:10.612 id=12 [debug] handled request client -> server textDocument/completion in 1009ms

14:18:10.613 [debug] handled notification client -> server textDocument/didChange in 1ms

14:18:10.613 [debug] handled notification client -> server textDocument/didChange in 103µs

14:18:10.613 [debug] handled notification client -> server textDocument/didChange in 205µs

14:18:10.614 [debug] handled notification client -> server textDocument/didChange in 102µs

14:18:10.614 [debug] handled notification client -> server textDocument/didChange in 102µs

14:18:10.614 [debug] handled notification client -> server $/cancelRequest in 103µs

14:18:11.615 [debug] sent notification server -> client window/logMessage

14:18:11.616 id=13 [debug] handled request client -> server textDocument/completion in 1002ms

14:18:11.616 [warning] Failed to run completion request: ** (MatchError) no match of right hand side value: :timeout
    (next_ls 0.23.3) lib/next_ls.ex:631: NextLS.handle_request/2
    (gen_lsp 0.10.0) lib/gen_lsp.ex:350: anonymous fn/2 in GenLSP.loop/3
    (telemetry 1.2.1) /Users/runner/work/next-ls/next-ls/deps/telemetry/src/telemetry.erl:321: :telemetry.span/3
    (gen_lsp 0.10.0) lib/gen_lsp.ex:349: anonymous fn/7 in GenLSP.loop/3
    (gen_lsp 0.10.0) lib/gen_lsp.ex:553: GenLSP.attempt/4
    (stdlib 6.2) proc_lib.erl:329: :proc_lib.init_p_do_apply/3


14:18:12.952 [debug] handled notification client -> server textDocument/didChange in 204µs

14:18:13.182 [debug] handled notification client -> server textDocument/didChange in 308µs

14:18:13.337 [debug] handled notification client -> server textDocument/didChange in 204µs

14:18:14.191 [debug] handled notification client -> server textDocument/didChange in 308µs

14:18:14.858 [debug] handled notification client -> server textDocument/didChange in 307µs

14:18:14.984 [debug] handled notification client -> server textDocument/didChange in 205µs

14:18:15.636 [debug] handled notification client -> server textDocument/didChange in 205µs

14:18:15.791 [debug] handled notification client -> server textDocument/didChange in 205µs

14:18:17.156 [debug] handled notification client -> server textDocument/didChange in 205µs

14:18:17.223 [debug] sent notification server -> client window/logMessage

14:18:17.223 [warning] Failed to run completion request: ** (FunctionClauseError) no function clause matching in Spitfire.parse_kw_identifier/1
    (spitfire 0.1.0) lib/spitfire.ex:515: Spitfire.parse_kw_identifier(%{tokens: [{:")", {5, 15, nil}}, :eof], literal_encoder: nil, errors: [], current_token: {:paren_identifier, {5, 4, nil}, :__cursor__}, fuel: 150, peek_token: {:"(", {5, 14, nil}}, nesting: 1})
    (spitfire 0.1.0) lib/spitfire/while.ex:5: Spitfire.While2.recurse/3
    (spitfire 0.1.0) lib/spitfire.ex:547: Spitfire.parse_bracketless_kw_list/1
    (spitfire 0.1.0) lib/spitfire.ex:293: Spitfire.parse_expression/6
    (spitfire 0.1.0) lib/spitfire/while.ex:5: Spitfire.While2.recurse/3
    (spitfire 0.1.0) lib/spitfire.ex:1890: Spitfire.parse_identifier/1
    (spitfire 0.1.0) lib/spitfire.ex:293: Spitfire.parse_expression/6
    (spitfire 0.1.0) lib/spitfire.ex:188: anonymous fn/1 in Spitfire.parse_program/1


14:18:17.223 id=14 [debug] handled request client -> server textDocument/completion in 53ms

14:18:17.349 [debug] handled notification client -> server textDocument/didChange in 409µs

14:18:17.486 [debug] handled notification client -> server textDocument/didChange in 205µs

14:18:18.199 [debug] handled notification client -> server textDocument/didChange in 205µs

14:18:18.352 [debug] handled notification client -> server textDocument/didChange in 308µs

14:18:18.512 [debug] handled notification client -> server textDocument/didChange in 614µs

14:18:18.701 [debug] handled notification client -> server textDocument/didChange in 205µs

14:18:19.045 [debug] handled notification client -> server textDocument/didChange in 308µs

14:18:19.199 [debug] handled notification client -> server textDocument/didChange in 205µs

14:18:19.625 [debug] handled notification client -> server textDocument/didChange in 717µs

14:18:19.934 [debug] handled notification client -> server textDocument/didChange in 205µs

14:18:19.949 [debug] sent notification server -> client window/logMessage

14:18:19.949 [warning] Failed to run completion request: ** (FunctionClauseError) no function clause matching in Spitfire.parse_kw_identifier/1
    (spitfire 0.1.0) lib/spitfire.ex:515: Spitfire.parse_kw_identifier(%{tokens: [{:")", {5, 24, nil}}, :eof], literal_encoder: nil, errors: [], current_token: {:paren_identifier, {5, 13, nil}, :__cursor__}, fuel: 150, peek_token: {:"(", {5, 23, nil}}, nesting: 1})
    (spitfire 0.1.0) lib/spitfire/while.ex:5: Spitfire.While2.recurse/3
    (spitfire 0.1.0) lib/spitfire.ex:547: Spitfire.parse_bracketless_kw_list/1
    (spitfire 0.1.0) lib/spitfire.ex:293: Spitfire.parse_expression/6
    (spitfire 0.1.0) lib/spitfire/while.ex:5: Spitfire.While2.recurse/3
    (spitfire 0.1.0) lib/spitfire.ex:1890: Spitfire.parse_identifier/1
    (spitfire 0.1.0) lib/spitfire.ex:293: Spitfire.parse_expression/6
    (spitfire 0.1.0) lib/spitfire.ex:188: anonymous fn/1 in Spitfire.parse_program/1


14:18:19.949 id=15 [debug] handled request client -> server textDocument/completion in 1ms

14:18:20.134 [debug] handled notification client -> server textDocument/didChange in 205µs

14:18:20.300 [debug] handled notification client -> server textDocument/didChange in 205µs

14:18:20.606 [debug] handled notification client -> server textDocument/didChange in 307µs

14:18:21.315 [debug] handled notification client -> server textDocument/didChange in 205µs

14:18:21.860 [debug] handled notification client -> server textDocument/didChange in 717µs

14:18:23.970 [debug] handled notification client -> server textDocument/didChange in 307µs

14:18:25.982 [debug] handled notification client -> server textDocument/didSave in 3ms

14:18:26.083 [debug] handled notification client -> server workspace/didChangeWatchedFiles in 1ms

14:18:26.389 [debug] handled notification client -> server workspace/didChangeWatchedFiles in 409µs

14:18:48.086 [debug] handled notification client -> server textDocument/didClose in 20ms
