
15:29:19.023 [info] Loading 76 CA(s) from :otp store

15:29:21.750 id=1 [debug] handled request client -> server initialize in 1994ms

15:29:21.813 [debug] sent notification server -> client window/logMessage

15:29:21.849 [debug] NextLS v0.23.3 has initialized!

15:29:21.849 [debug] sent notification server -> client window/logMessage

15:29:21.849 [debug] Log file located at d:/Work/Project/Git/Elixir/Challenges/gist/.elixir-tools/next-ls.log

15:29:21.867 [debug] sent notification server -> client window/logMessage

15:29:21.867 [info] [extension] Credo initializing with options %NextLS.InitOpts.Extensions.Credo{enable: true, cli_options: []}

15:29:21.867 id=3 [debug] sent request server -> client client/registerCapability

15:29:32.400 [debug] sent notification server -> client window/logMessage

15:29:32.401 [debug] Booting runtimes...

15:29:32.444 id=1767 [debug] sent request server -> client window/workDoneProgress/create

15:29:32.487 [debug] sent notification server -> client $/progress

15:29:32.585 [error] ** (MatchError) no match of right hand side value: {:error, {%File.Error{reason: :enoent, path: "/D:/Work/Project/Git/Elixir/Challenges/gist/.elixir-tools", action: "make directory (with -p)"}, [{File, :mkdir_p!, 1, [file: ~c"lib/file.ex", line: 346]}, {NextLS.Runtime.Supervisor, :init, 1, [file: ~c"lib/next_ls/runtime/supervisor.ex", line: 18]}, {:supervisor, :init, 1, [file: ~c"supervisor.erl", line: 869]}, {:gen_server, :init_it, 2, [file: ~c"gen_server.erl", line: 2229]}, {:gen_server, :init_it, 6, [file: ~c"gen_server.erl", line: 2184]}, {:proc_lib, :init_p_do_apply, 3, [file: ~c"proc_lib.erl", line: 329]}]}}
    (next_ls 0.23.3) lib/next_ls.ex:899: anonymous fn/5 in NextLS.handle_notification/2
    (elixir 1.17.3) lib/enum.ex:2531: Enum."-reduce/3-lists^foldl/2-0-"/3
    (next_ls 0.23.3) lib/next_ls.ex:894: NextLS.handle_notification/2
    (gen_lsp 0.10.0) lib/gen_lsp.ex:478: anonymous fn/2 in GenLSP.loop/3
    (telemetry 1.2.1) /Users/runner/work/next-ls/next-ls/deps/telemetry/src/telemetry.erl:321: :telemetry.span/3
    (gen_lsp 0.10.0) lib/gen_lsp.ex:474: anonymous fn/7 in GenLSP.loop/3
    (gen_lsp 0.10.0) lib/gen_lsp.ex:553: GenLSP.attempt/4
    (stdlib 6.2) proc_lib.erl:329: :proc_lib.init_p_do_apply/3


15:29:32.585 [debug] sent notification server -> client window/logMessage

15:29:32.626 [debug] handled notification client -> server textDocument/didOpen in 40ms

15:29:32.711 [debug] handled notification client -> server textDocument/didChange in 85ms

15:29:32.712 [debug] handled notification client -> server textDocument/didChange in 512µs

15:29:32.712 [debug] handled notification client -> server textDocument/didChange in 409µs

15:29:32.712 [debug] handled notification client -> server textDocument/didChange in 205µs

15:29:32.713 [debug] handled notification client -> server textDocument/didChange in 307µs

15:29:32.713 [debug] handled notification client -> server textDocument/didChange in 205µs

15:29:32.713 [debug] handled notification client -> server textDocument/didChange in 308µs

15:29:32.714 [debug] handled notification client -> server textDocument/didChange in 409µs

15:29:32.714 [debug] handled notification client -> server textDocument/didChange in 307µs

15:29:32.752 [debug] handled notification client -> server textDocument/didSave in 38ms

15:29:32.815 [debug] handled notification client -> server workspace/didChangeWatchedFiles in 62ms

15:30:32.578 id=2 [debug] handled request client -> server shutdown in 12ms

15:43:46.749 [info] Loading 76 CA(s) from :otp store
