
15:19:21.893 [info] Loading 76 CA(s) from :otp store

15:19:22.242 id=1 [debug] handled request client -> server initialize in 163ms

15:19:22.252 [debug] sent notification server -> client window/logMessage

15:19:22.255 [debug] NextLS v0.23.3 has initialized!

15:19:22.255 [debug] sent notification server -> client window/logMessage

15:19:22.255 [debug] Log file located at d:/Work/Project/Git/Elixir/Challenges/simplequeue/.elixir-tools/next-ls.log

15:19:22.256 [debug] sent notification server -> client window/logMessage

15:19:22.256 [info] [extension] Credo initializing with options %NextLS.InitOpts.Extensions.Credo{enable: true, cli_options: []}

15:19:22.256 id=3 [debug] sent request server -> client client/registerCapability

15:19:28.064 [debug] sent notification server -> client window/logMessage

15:19:28.064 [debug] Booting runtimes...

15:19:28.075 id=1765 [debug] sent request server -> client window/workDoneProgress/create

15:19:28.091 [debug] sent notification server -> client $/progress

15:19:28.107 [error] ** (MatchError) no match of right hand side value: {:error, {%File.Error{reason: :enoent, path: "/D:/Work/Project/Git/Elixir/Challenges/simplequeue/.elixir-tools", action: "make directory (with -p)"}, [{File, :mkdir_p!, 1, [file: ~c"lib/file.ex", line: 346]}, {NextLS.Runtime.Supervisor, :init, 1, [file: ~c"lib/next_ls/runtime/supervisor.ex", line: 18]}, {:supervisor, :init, 1, [file: ~c"supervisor.erl", line: 869]}, {:gen_server, :init_it, 2, [file: ~c"gen_server.erl", line: 2229]}, {:gen_server, :init_it, 6, [file: ~c"gen_server.erl", line: 2184]}, {:proc_lib, :init_p_do_apply, 3, [file: ~c"proc_lib.erl", line: 329]}]}}
    (next_ls 0.23.3) lib/next_ls.ex:899: anonymous fn/5 in NextLS.handle_notification/2
    (elixir 1.17.3) lib/enum.ex:2531: Enum."-reduce/3-lists^foldl/2-0-"/3
    (next_ls 0.23.3) lib/next_ls.ex:894: NextLS.handle_notification/2
    (gen_lsp 0.10.0) lib/gen_lsp.ex:478: anonymous fn/2 in GenLSP.loop/3
    (telemetry 1.2.1) /Users/runner/work/next-ls/next-ls/deps/telemetry/src/telemetry.erl:321: :telemetry.span/3
    (gen_lsp 0.10.0) lib/gen_lsp.ex:474: anonymous fn/7 in GenLSP.loop/3
    (gen_lsp 0.10.0) lib/gen_lsp.ex:553: GenLSP.attempt/4
    (stdlib 6.2) proc_lib.erl:329: :proc_lib.init_p_do_apply/3


15:19:28.107 [debug] sent notification server -> client window/logMessage

15:19:28.111 [debug] handled notification client -> server textDocument/didOpen in 4ms

15:19:29.114 [debug] handled notification client -> server textDocument/didChange in 12ms

15:19:31.271 [debug] handled notification client -> server textDocument/didChange in 205µs

15:19:31.289 [debug] handled notification client -> server textDocument/didSave in 3ms

15:19:31.385 [debug] handled notification client -> server workspace/didChangeWatchedFiles in 6ms

15:19:36.100 [debug] handled notification client -> server textDocument/didChange in 102µs

15:19:36.242 [debug] handled notification client -> server textDocument/didChange in 205µs

15:19:36.569 [debug] handled notification client -> server textDocument/didChange in 205µs

15:19:37.613 [debug] sent notification server -> client window/logMessage

15:19:37.613 [warning] Failed to run completion request: ** (MatchError) no match of right hand side value: :timeout
    (next_ls 0.23.3) lib/next_ls.ex:631: NextLS.handle_request/2
    (gen_lsp 0.10.0) lib/gen_lsp.ex:350: anonymous fn/2 in GenLSP.loop/3
    (telemetry 1.2.1) /Users/runner/work/next-ls/next-ls/deps/telemetry/src/telemetry.erl:321: :telemetry.span/3
    (gen_lsp 0.10.0) lib/gen_lsp.ex:349: anonymous fn/7 in GenLSP.loop/3
    (gen_lsp 0.10.0) lib/gen_lsp.ex:553: GenLSP.attempt/4
    (stdlib 6.2) proc_lib.erl:329: :proc_lib.init_p_do_apply/3


15:19:37.623 id=2 [debug] handled request client -> server textDocument/completion in 1048ms

15:19:37.623 [debug] handled notification client -> server textDocument/didChange in 205µs

15:19:37.623 [debug] handled notification client -> server textDocument/didChange in 103µs

15:19:37.962 [debug] handled notification client -> server textDocument/didChange in 103µs

15:19:39.197 [debug] handled notification client -> server textDocument/didChange in 410µs

15:19:40.217 id=3 [debug] handled request client -> server textDocument/completion in 1015ms

15:19:40.217 [debug] sent notification server -> client window/logMessage

15:19:40.217 [warning] Failed to run completion request: ** (MatchError) no match of right hand side value: :timeout
    (next_ls 0.23.3) lib/next_ls.ex:631: NextLS.handle_request/2
    (gen_lsp 0.10.0) lib/gen_lsp.ex:350: anonymous fn/2 in GenLSP.loop/3
    (telemetry 1.2.1) /Users/runner/work/next-ls/next-ls/deps/telemetry/src/telemetry.erl:321: :telemetry.span/3
    (gen_lsp 0.10.0) lib/gen_lsp.ex:349: anonymous fn/7 in GenLSP.loop/3
    (gen_lsp 0.10.0) lib/gen_lsp.ex:553: GenLSP.attempt/4
    (stdlib 6.2) proc_lib.erl:329: :proc_lib.init_p_do_apply/3


15:19:40.217 [debug] handled notification client -> server textDocument/didChange in 102µs

15:19:40.217 [debug] handled notification client -> server textDocument/didChange in 0µs

15:19:40.348 [debug] handled notification client -> server textDocument/didChange in 102µs

15:19:40.502 [debug] handled notification client -> server textDocument/didChange in 307µs

15:19:41.263 [debug] handled notification client -> server textDocument/didChange in 205µs

15:19:42.546 [debug] handled notification client -> server textDocument/didChange in 205µs

15:19:44.635 [debug] handled notification client -> server textDocument/didChange in 205µs

15:19:45.644 [debug] sent notification server -> client window/logMessage

15:19:45.644 id=4 [debug] handled request client -> server textDocument/completion in 1004ms

15:19:45.644 [warning] Failed to run completion request: ** (MatchError) no match of right hand side value: :timeout
    (next_ls 0.23.3) lib/next_ls.ex:631: NextLS.handle_request/2
    (gen_lsp 0.10.0) lib/gen_lsp.ex:350: anonymous fn/2 in GenLSP.loop/3
    (telemetry 1.2.1) /Users/runner/work/next-ls/next-ls/deps/telemetry/src/telemetry.erl:321: :telemetry.span/3
    (gen_lsp 0.10.0) lib/gen_lsp.ex:349: anonymous fn/7 in GenLSP.loop/3
    (gen_lsp 0.10.0) lib/gen_lsp.ex:553: GenLSP.attempt/4
    (stdlib 6.2) proc_lib.erl:329: :proc_lib.init_p_do_apply/3


15:19:45.644 [debug] handled notification client -> server textDocument/didChange in 102µs

15:19:45.644 [debug] handled notification client -> server textDocument/didChange in 103µs

15:19:45.647 [debug] handled notification client -> server $/cancelRequest in 2ms

15:19:46.654 [debug] sent notification server -> client window/logMessage

15:19:46.654 [warning] Failed to run completion request: ** (MatchError) no match of right hand side value: :timeout
    (next_ls 0.23.3) lib/next_ls.ex:631: NextLS.handle_request/2
    (gen_lsp 0.10.0) lib/gen_lsp.ex:350: anonymous fn/2 in GenLSP.loop/3
    (telemetry 1.2.1) /Users/runner/work/next-ls/next-ls/deps/telemetry/src/telemetry.erl:321: :telemetry.span/3
    (gen_lsp 0.10.0) lib/gen_lsp.ex:349: anonymous fn/7 in GenLSP.loop/3
    (gen_lsp 0.10.0) lib/gen_lsp.ex:553: GenLSP.attempt/4
    (stdlib 6.2) proc_lib.erl:329: :proc_lib.init_p_do_apply/3


15:19:46.654 id=5 [debug] handled request client -> server textDocument/completion in 1007ms

15:19:46.654 [debug] handled notification client -> server textDocument/didChange in 205µs

15:19:46.654 [debug] handled notification client -> server textDocument/didChange in 103µs

15:19:46.654 [debug] handled notification client -> server textDocument/didChange in 204µs

15:19:46.655 [debug] handled notification client -> server textDocument/didChange in 103µs

15:19:46.655 [debug] handled notification client -> server textDocument/didChange in 102µs

15:19:46.655 [debug] handled notification client -> server textDocument/didChange in 102µs

15:19:46.916 [debug] handled notification client -> server textDocument/didChange in 512µs

15:19:47.074 [debug] handled notification client -> server textDocument/didChange in 205µs

15:19:47.584 [debug] handled notification client -> server textDocument/didChange in 205µs

15:19:47.744 [debug] handled notification client -> server textDocument/didChange in 307µs

15:19:50.307 [debug] handled notification client -> server textDocument/didChange in 409µs

15:19:51.320 [debug] sent notification server -> client window/logMessage

15:19:51.320 [warning] Failed to run completion request: ** (MatchError) no match of right hand side value: :timeout
    (next_ls 0.23.3) lib/next_ls.ex:631: NextLS.handle_request/2
    (gen_lsp 0.10.0) lib/gen_lsp.ex:350: anonymous fn/2 in GenLSP.loop/3
    (telemetry 1.2.1) /Users/runner/work/next-ls/next-ls/deps/telemetry/src/telemetry.erl:321: :telemetry.span/3
    (gen_lsp 0.10.0) lib/gen_lsp.ex:349: anonymous fn/7 in GenLSP.loop/3
    (gen_lsp 0.10.0) lib/gen_lsp.ex:553: GenLSP.attempt/4
    (stdlib 6.2) proc_lib.erl:329: :proc_lib.init_p_do_apply/3


15:19:51.320 id=6 [debug] handled request client -> server textDocument/completion in 1008ms

15:19:51.321 [debug] handled notification client -> server textDocument/didChange in 103µs

15:19:51.321 [debug] handled notification client -> server textDocument/didChange in 103µs

15:19:51.321 [debug] handled notification client -> server textDocument/didChange in 204µs

15:19:51.583 [debug] handled notification client -> server textDocument/didChange in 512µs

15:19:51.739 [debug] handled notification client -> server textDocument/didChange in 102µs

15:19:51.894 [debug] handled notification client -> server textDocument/didChange in 102µs

15:19:52.050 [debug] handled notification client -> server textDocument/didChange in 409µs

15:19:52.084 [debug] handled notification client -> server textDocument/didChange in 103µs

15:19:53.092 [debug] sent notification server -> client window/logMessage

15:19:53.092 [warning] Failed to run completion request: ** (MatchError) no match of right hand side value: :timeout
    (next_ls 0.23.3) lib/next_ls.ex:631: NextLS.handle_request/2
    (gen_lsp 0.10.0) lib/gen_lsp.ex:350: anonymous fn/2 in GenLSP.loop/3
    (telemetry 1.2.1) /Users/runner/work/next-ls/next-ls/deps/telemetry/src/telemetry.erl:321: :telemetry.span/3
    (gen_lsp 0.10.0) lib/gen_lsp.ex:349: anonymous fn/7 in GenLSP.loop/3
    (gen_lsp 0.10.0) lib/gen_lsp.ex:553: GenLSP.attempt/4
    (stdlib 6.2) proc_lib.erl:329: :proc_lib.init_p_do_apply/3


15:19:53.092 id=7 [debug] handled request client -> server textDocument/completion in 1006ms

15:19:53.092 [debug] handled notification client -> server textDocument/didChange in 102µs

15:19:53.092 [debug] handled notification client -> server textDocument/didChange in 102µs

15:19:53.092 [debug] handled notification client -> server textDocument/didChange in 103µs

15:19:53.092 [debug] handled notification client -> server $/cancelRequest in 102µs

15:19:54.100 [debug] sent notification server -> client window/logMessage

15:19:54.100 [warning] Failed to run completion request: ** (MatchError) no match of right hand side value: :timeout
    (next_ls 0.23.3) lib/next_ls.ex:631: NextLS.handle_request/2
    (gen_lsp 0.10.0) lib/gen_lsp.ex:350: anonymous fn/2 in GenLSP.loop/3
    (telemetry 1.2.1) /Users/runner/work/next-ls/next-ls/deps/telemetry/src/telemetry.erl:321: :telemetry.span/3
    (gen_lsp 0.10.0) lib/gen_lsp.ex:349: anonymous fn/7 in GenLSP.loop/3
    (gen_lsp 0.10.0) lib/gen_lsp.ex:553: GenLSP.attempt/4
    (stdlib 6.2) proc_lib.erl:329: :proc_lib.init_p_do_apply/3


15:19:54.100 id=8 [debug] handled request client -> server textDocument/completion in 1007ms

15:19:54.100 [debug] handled notification client -> server textDocument/didChange in 205µs

15:19:54.100 [debug] handled notification client -> server textDocument/didChange in 205µs

15:19:54.100 [debug] handled notification client -> server textDocument/didChange in 102µs

15:19:54.100 [debug] handled notification client -> server textDocument/didChange in 205µs

15:19:56.868 [debug] handled notification client -> server textDocument/didChange in 512µs

15:19:56.945 [debug] handled notification client -> server textDocument/didChange in 205µs

15:19:57.958 id=9 [debug] handled request client -> server textDocument/completion in 1011ms

15:19:57.958 [debug] sent notification server -> client window/logMessage

15:19:57.958 [warning] Failed to run completion request: ** (MatchError) no match of right hand side value: :timeout
    (next_ls 0.23.3) lib/next_ls.ex:631: NextLS.handle_request/2
    (gen_lsp 0.10.0) lib/gen_lsp.ex:350: anonymous fn/2 in GenLSP.loop/3
    (telemetry 1.2.1) /Users/runner/work/next-ls/next-ls/deps/telemetry/src/telemetry.erl:321: :telemetry.span/3
    (gen_lsp 0.10.0) lib/gen_lsp.ex:349: anonymous fn/7 in GenLSP.loop/3
    (gen_lsp 0.10.0) lib/gen_lsp.ex:553: GenLSP.attempt/4
    (stdlib 6.2) proc_lib.erl:329: :proc_lib.init_p_do_apply/3


15:19:57.958 [debug] handled notification client -> server textDocument/didChange in 307µs

15:19:57.959 [debug] handled notification client -> server textDocument/didChange in 205µs

15:19:57.959 [debug] handled notification client -> server textDocument/didChange in 204µs

15:19:57.959 [debug] handled notification client -> server textDocument/didChange in 103µs

15:19:57.959 [debug] handled notification client -> server $/cancelRequest in 0µs

15:19:58.963 [debug] sent notification server -> client window/logMessage

15:19:58.964 [warning] Failed to run completion request: ** (MatchError) no match of right hand side value: :timeout
    (next_ls 0.23.3) lib/next_ls.ex:631: NextLS.handle_request/2
    (gen_lsp 0.10.0) lib/gen_lsp.ex:350: anonymous fn/2 in GenLSP.loop/3
    (telemetry 1.2.1) /Users/runner/work/next-ls/next-ls/deps/telemetry/src/telemetry.erl:321: :telemetry.span/3
    (gen_lsp 0.10.0) lib/gen_lsp.ex:349: anonymous fn/7 in GenLSP.loop/3
    (gen_lsp 0.10.0) lib/gen_lsp.ex:553: GenLSP.attempt/4
    (stdlib 6.2) proc_lib.erl:329: :proc_lib.init_p_do_apply/3


15:19:58.964 id=10 [debug] handled request client -> server textDocument/completion in 1004ms

15:19:58.964 [debug] handled notification client -> server textDocument/didChange in 103µs

15:19:58.964 [debug] handled notification client -> server textDocument/didChange in 102µs

15:19:58.964 [debug] handled notification client -> server textDocument/didChange in 103µs

15:19:58.964 [debug] handled notification client -> server textDocument/didChange in 102µs

15:19:58.964 [debug] handled notification client -> server textDocument/didChange in 0µs

15:19:58.964 [debug] handled notification client -> server $/cancelRequest in 103µs

15:19:59.972 [debug] sent notification server -> client window/logMessage

15:19:59.972 [warning] Failed to run completion request: ** (MatchError) no match of right hand side value: :timeout
    (next_ls 0.23.3) lib/next_ls.ex:631: NextLS.handle_request/2
    (gen_lsp 0.10.0) lib/gen_lsp.ex:350: anonymous fn/2 in GenLSP.loop/3
    (telemetry 1.2.1) /Users/runner/work/next-ls/next-ls/deps/telemetry/src/telemetry.erl:321: :telemetry.span/3
    (gen_lsp 0.10.0) lib/gen_lsp.ex:349: anonymous fn/7 in GenLSP.loop/3
    (gen_lsp 0.10.0) lib/gen_lsp.ex:553: GenLSP.attempt/4
    (stdlib 6.2) proc_lib.erl:329: :proc_lib.init_p_do_apply/3


15:19:59.973 id=11 [debug] handled request client -> server textDocument/completion in 1008ms

15:19:59.973 [debug] handled notification client -> server textDocument/didChange in 410µs

15:19:59.973 [debug] handled notification client -> server textDocument/didChange in 307µs

15:19:59.974 [debug] handled notification client -> server $/cancelRequest in 102µs

15:20:00.986 [debug] sent notification server -> client window/logMessage

15:20:00.986 [warning] Failed to run completion request: ** (MatchError) no match of right hand side value: :timeout
    (next_ls 0.23.3) lib/next_ls.ex:631: NextLS.handle_request/2
    (gen_lsp 0.10.0) lib/gen_lsp.ex:350: anonymous fn/2 in GenLSP.loop/3
    (telemetry 1.2.1) /Users/runner/work/next-ls/next-ls/deps/telemetry/src/telemetry.erl:321: :telemetry.span/3
    (gen_lsp 0.10.0) lib/gen_lsp.ex:349: anonymous fn/7 in GenLSP.loop/3
    (gen_lsp 0.10.0) lib/gen_lsp.ex:553: GenLSP.attempt/4
    (stdlib 6.2) proc_lib.erl:329: :proc_lib.init_p_do_apply/3


15:20:00.986 id=12 [debug] handled request client -> server textDocument/completion in 1012ms

15:20:00.986 [debug] handled notification client -> server textDocument/didChange in 102µs

15:20:01.359 [debug] handled notification client -> server textDocument/didChange in 410µs

15:20:02.381 [debug] sent notification server -> client window/logMessage

15:20:02.381 id=13 [debug] handled request client -> server textDocument/completion in 1016ms

15:20:02.381 [warning] Failed to run completion request: ** (MatchError) no match of right hand side value: :timeout
    (next_ls 0.23.3) lib/next_ls.ex:631: NextLS.handle_request/2
    (gen_lsp 0.10.0) lib/gen_lsp.ex:350: anonymous fn/2 in GenLSP.loop/3
    (telemetry 1.2.1) /Users/runner/work/next-ls/next-ls/deps/telemetry/src/telemetry.erl:321: :telemetry.span/3
    (gen_lsp 0.10.0) lib/gen_lsp.ex:349: anonymous fn/7 in GenLSP.loop/3
    (gen_lsp 0.10.0) lib/gen_lsp.ex:553: GenLSP.attempt/4
    (stdlib 6.2) proc_lib.erl:329: :proc_lib.init_p_do_apply/3


15:20:02.381 [debug] handled notification client -> server textDocument/didChange in 103µs

15:20:02.381 [debug] handled notification client -> server textDocument/didChange in 103µs

15:20:02.381 [debug] handled notification client -> server textDocument/didChange in 102µs

15:20:02.381 [debug] handled notification client -> server textDocument/didChange in 102µs

15:20:02.381 [debug] handled notification client -> server $/cancelRequest in 0µs

15:20:03.392 [debug] sent notification server -> client window/logMessage

15:20:03.392 [warning] Failed to run completion request: ** (MatchError) no match of right hand side value: :timeout
    (next_ls 0.23.3) lib/next_ls.ex:631: NextLS.handle_request/2
    (gen_lsp 0.10.0) lib/gen_lsp.ex:350: anonymous fn/2 in GenLSP.loop/3
    (telemetry 1.2.1) /Users/runner/work/next-ls/next-ls/deps/telemetry/src/telemetry.erl:321: :telemetry.span/3
    (gen_lsp 0.10.0) lib/gen_lsp.ex:349: anonymous fn/7 in GenLSP.loop/3
    (gen_lsp 0.10.0) lib/gen_lsp.ex:553: GenLSP.attempt/4
    (stdlib 6.2) proc_lib.erl:329: :proc_lib.init_p_do_apply/3


15:20:03.392 id=14 [debug] handled request client -> server textDocument/completion in 1010ms

15:20:03.392 [debug] handled notification client -> server textDocument/didChange in 102µs

15:20:03.392 [debug] handled notification client -> server textDocument/didChange in 103µs

15:20:03.392 [debug] handled notification client -> server $/cancelRequest in 102µs

15:20:04.403 id=15 [debug] handled request client -> server textDocument/completion in 1010ms

15:20:04.403 [debug] sent notification server -> client window/logMessage

15:20:04.403 [warning] Failed to run completion request: ** (MatchError) no match of right hand side value: :timeout
    (next_ls 0.23.3) lib/next_ls.ex:631: NextLS.handle_request/2
    (gen_lsp 0.10.0) lib/gen_lsp.ex:350: anonymous fn/2 in GenLSP.loop/3
    (telemetry 1.2.1) /Users/runner/work/next-ls/next-ls/deps/telemetry/src/telemetry.erl:321: :telemetry.span/3
    (gen_lsp 0.10.0) lib/gen_lsp.ex:349: anonymous fn/7 in GenLSP.loop/3
    (gen_lsp 0.10.0) lib/gen_lsp.ex:553: GenLSP.attempt/4
    (stdlib 6.2) proc_lib.erl:329: :proc_lib.init_p_do_apply/3


15:20:04.403 [debug] handled notification client -> server textDocument/didChange in 103µs

15:20:04.403 [debug] handled notification client -> server textDocument/didChange in 102µs

15:20:04.403 [debug] handled notification client -> server $/cancelRequest in 0µs

15:20:05.416 [debug] sent notification server -> client window/logMessage

15:20:05.417 [warning] Failed to run completion request: ** (MatchError) no match of right hand side value: :timeout
    (next_ls 0.23.3) lib/next_ls.ex:631: NextLS.handle_request/2
    (gen_lsp 0.10.0) lib/gen_lsp.ex:350: anonymous fn/2 in GenLSP.loop/3
    (telemetry 1.2.1) /Users/runner/work/next-ls/next-ls/deps/telemetry/src/telemetry.erl:321: :telemetry.span/3
    (gen_lsp 0.10.0) lib/gen_lsp.ex:349: anonymous fn/7 in GenLSP.loop/3
    (gen_lsp 0.10.0) lib/gen_lsp.ex:553: GenLSP.attempt/4
    (stdlib 6.2) proc_lib.erl:329: :proc_lib.init_p_do_apply/3


15:20:05.417 id=16 [debug] handled request client -> server textDocument/completion in 1013ms

15:20:05.417 [debug] handled notification client -> server textDocument/didChange in 205µs

15:20:05.417 [debug] handled notification client -> server textDocument/didChange in 103µs

15:20:05.417 [debug] handled notification client -> server textDocument/didChange in 102µs

15:20:05.417 [debug] handled notification client -> server textDocument/didChange in 103µs

15:20:05.418 [debug] handled notification client -> server textDocument/didChange in 205µs

15:20:05.418 [debug] handled notification client -> server textDocument/didChange in 102µs

15:20:05.418 [debug] handled notification client -> server $/cancelRequest in 102µs

15:20:06.426 [debug] sent notification server -> client window/logMessage

15:20:06.426 id=17 [debug] handled request client -> server textDocument/completion in 1009ms

15:20:06.426 [warning] Failed to run completion request: ** (MatchError) no match of right hand side value: :timeout
    (next_ls 0.23.3) lib/next_ls.ex:631: NextLS.handle_request/2
    (gen_lsp 0.10.0) lib/gen_lsp.ex:350: anonymous fn/2 in GenLSP.loop/3
    (telemetry 1.2.1) /Users/runner/work/next-ls/next-ls/deps/telemetry/src/telemetry.erl:321: :telemetry.span/3
    (gen_lsp 0.10.0) lib/gen_lsp.ex:349: anonymous fn/7 in GenLSP.loop/3
    (gen_lsp 0.10.0) lib/gen_lsp.ex:553: GenLSP.attempt/4
    (stdlib 6.2) proc_lib.erl:329: :proc_lib.init_p_do_apply/3


15:20:06.427 [debug] handled notification client -> server textDocument/didChange in 103µs

15:20:06.427 [debug] handled notification client -> server textDocument/didChange in 102µs

15:20:06.427 [debug] handled notification client -> server textDocument/didChange in 102µs

15:20:06.427 [debug] handled notification client -> server textDocument/didChange in 103µs

15:20:06.427 [debug] handled notification client -> server textDocument/didChange in 102µs

15:20:06.427 [debug] handled notification client -> server textDocument/didChange in 103µs

15:20:07.248 [debug] handled notification client -> server textDocument/didChange in 205µs

15:20:07.405 [debug] handled notification client -> server textDocument/didChange in 102µs

15:20:07.892 [debug] handled notification client -> server textDocument/didChange in 205µs

15:20:08.043 [debug] handled notification client -> server textDocument/didChange in 205µs

15:20:08.151 [debug] handled notification client -> server textDocument/didChange in 205µs

15:20:09.158 [debug] sent notification server -> client window/logMessage

15:20:09.159 [warning] Failed to run completion request: ** (MatchError) no match of right hand side value: :timeout
    (next_ls 0.23.3) lib/next_ls.ex:631: NextLS.handle_request/2
    (gen_lsp 0.10.0) lib/gen_lsp.ex:350: anonymous fn/2 in GenLSP.loop/3
    (telemetry 1.2.1) /Users/runner/work/next-ls/next-ls/deps/telemetry/src/telemetry.erl:321: :telemetry.span/3
    (gen_lsp 0.10.0) lib/gen_lsp.ex:349: anonymous fn/7 in GenLSP.loop/3
    (gen_lsp 0.10.0) lib/gen_lsp.ex:553: GenLSP.attempt/4
    (stdlib 6.2) proc_lib.erl:329: :proc_lib.init_p_do_apply/3


15:20:09.158 id=18 [debug] handled request client -> server textDocument/completion in 1006ms

15:20:09.159 [debug] handled notification client -> server textDocument/didChange in 205µs

15:20:09.159 [debug] handled notification client -> server textDocument/didChange in 205µs

15:20:09.616 [debug] handled notification client -> server textDocument/didChange in 205µs

15:20:09.797 [debug] handled notification client -> server textDocument/didChange in 205µs

15:20:09.952 [debug] handled notification client -> server textDocument/didChange in 205µs

15:20:09.993 [debug] handled notification client -> server textDocument/didChange in 103µs

15:20:10.996 [debug] sent notification server -> client window/logMessage

15:20:10.997 id=19 [debug] handled request client -> server textDocument/completion in 1002ms

15:20:10.996 [warning] Failed to run completion request: ** (MatchError) no match of right hand side value: :timeout
    (next_ls 0.23.3) lib/next_ls.ex:631: NextLS.handle_request/2
    (gen_lsp 0.10.0) lib/gen_lsp.ex:350: anonymous fn/2 in GenLSP.loop/3
    (telemetry 1.2.1) /Users/runner/work/next-ls/next-ls/deps/telemetry/src/telemetry.erl:321: :telemetry.span/3
    (gen_lsp 0.10.0) lib/gen_lsp.ex:349: anonymous fn/7 in GenLSP.loop/3
    (gen_lsp 0.10.0) lib/gen_lsp.ex:553: GenLSP.attempt/4
    (stdlib 6.2) proc_lib.erl:329: :proc_lib.init_p_do_apply/3


15:20:10.997 [debug] handled notification client -> server textDocument/didChange in 205µs

15:20:10.997 [debug] handled notification client -> server textDocument/didChange in 204µs

15:20:10.997 [debug] handled notification client -> server textDocument/didChange in 205µs

15:20:10.997 [debug] handled notification client -> server textDocument/didChange in 102µs

15:20:11.075 [debug] handled notification client -> server textDocument/didChange in 102µs

15:20:11.352 [debug] handled notification client -> server textDocument/didChange in 205µs

15:20:11.510 [debug] handled notification client -> server textDocument/didChange in 205µs

15:20:11.682 [debug] handled notification client -> server textDocument/didChange in 102µs

15:20:11.836 [debug] handled notification client -> server textDocument/didChange in 205µs

15:20:11.991 [debug] handled notification client -> server textDocument/didChange in 409µs

15:20:12.999 id=20 [debug] handled request client -> server textDocument/completion in 1003ms

15:20:12.999 [debug] sent notification server -> client window/logMessage

15:20:12.999 [warning] Failed to run completion request: ** (MatchError) no match of right hand side value: :timeout
    (next_ls 0.23.3) lib/next_ls.ex:631: NextLS.handle_request/2
    (gen_lsp 0.10.0) lib/gen_lsp.ex:350: anonymous fn/2 in GenLSP.loop/3
    (telemetry 1.2.1) /Users/runner/work/next-ls/next-ls/deps/telemetry/src/telemetry.erl:321: :telemetry.span/3
    (gen_lsp 0.10.0) lib/gen_lsp.ex:349: anonymous fn/7 in GenLSP.loop/3
    (gen_lsp 0.10.0) lib/gen_lsp.ex:553: GenLSP.attempt/4
    (stdlib 6.2) proc_lib.erl:329: :proc_lib.init_p_do_apply/3


15:20:12.999 [debug] handled notification client -> server textDocument/didChange in 205µs

15:20:12.999 [debug] handled notification client -> server textDocument/didChange in 102µs

15:20:12.999 [debug] handled notification client -> server textDocument/didChange in 103µs

15:20:12.999 [debug] handled notification client -> server textDocument/didChange in 102µs

15:20:16.861 [debug] handled notification client -> server textDocument/didChange in 205µs

15:20:17.003 [debug] handled notification client -> server textDocument/didChange in 205µs

15:20:18.502 [debug] handled notification client -> server textDocument/didChange in 205µs

15:20:18.617 [debug] handled notification client -> server textDocument/didChange in 205µs

15:20:18.799 [debug] handled notification client -> server textDocument/didChange in 205µs

15:20:19.072 [debug] handled notification client -> server textDocument/didChange in 615µs

15:20:19.221 [debug] handled notification client -> server textDocument/didChange in 307µs

15:20:19.416 [debug] handled notification client -> server textDocument/didChange in 204µs

15:20:20.434 [debug] sent notification server -> client window/logMessage

15:20:20.434 id=21 [debug] handled request client -> server textDocument/completion in 1012ms

15:20:20.434 [warning] Failed to run completion request: ** (MatchError) no match of right hand side value: :timeout
    (next_ls 0.23.3) lib/next_ls.ex:631: NextLS.handle_request/2
    (gen_lsp 0.10.0) lib/gen_lsp.ex:350: anonymous fn/2 in GenLSP.loop/3
    (telemetry 1.2.1) /Users/runner/work/next-ls/next-ls/deps/telemetry/src/telemetry.erl:321: :telemetry.span/3
    (gen_lsp 0.10.0) lib/gen_lsp.ex:349: anonymous fn/7 in GenLSP.loop/3
    (gen_lsp 0.10.0) lib/gen_lsp.ex:553: GenLSP.attempt/4
    (stdlib 6.2) proc_lib.erl:329: :proc_lib.init_p_do_apply/3


15:20:20.434 [debug] handled notification client -> server textDocument/didChange in 410µs

15:20:20.435 [debug] handled notification client -> server textDocument/didChange in 205µs

15:20:21.232 [debug] handled notification client -> server textDocument/didChange in 204µs

15:20:21.386 [debug] handled notification client -> server textDocument/didChange in 205µs

15:20:21.542 [debug] handled notification client -> server textDocument/didChange in 205µs

15:20:21.553 [debug] handled notification client -> server textDocument/didChange in 102µs

15:20:21.713 [debug] handled notification client -> server textDocument/didChange in 205µs

15:20:21.868 [debug] handled notification client -> server textDocument/didChange in 205µs

15:20:22.021 [debug] handled notification client -> server textDocument/didChange in 103µs

15:20:22.177 [debug] handled notification client -> server textDocument/didChange in 103µs

15:20:22.466 [debug] handled notification client -> server textDocument/didChange in 205µs

15:20:22.614 [debug] handled notification client -> server textDocument/didChange in 205µs

15:20:22.770 [debug] handled notification client -> server textDocument/didChange in 102µs

15:20:22.997 [debug] handled notification client -> server textDocument/didChange in 205µs

15:20:24.017 [debug] sent notification server -> client window/logMessage

15:20:24.018 [warning] Failed to run completion request: ** (MatchError) no match of right hand side value: :timeout
    (next_ls 0.23.3) lib/next_ls.ex:631: NextLS.handle_request/2
    (gen_lsp 0.10.0) lib/gen_lsp.ex:350: anonymous fn/2 in GenLSP.loop/3
    (telemetry 1.2.1) /Users/runner/work/next-ls/next-ls/deps/telemetry/src/telemetry.erl:321: :telemetry.span/3
    (gen_lsp 0.10.0) lib/gen_lsp.ex:349: anonymous fn/7 in GenLSP.loop/3
    (gen_lsp 0.10.0) lib/gen_lsp.ex:553: GenLSP.attempt/4
    (stdlib 6.2) proc_lib.erl:329: :proc_lib.init_p_do_apply/3


15:20:24.018 id=22 [debug] handled request client -> server textDocument/completion in 1015ms

15:20:24.018 [debug] handled notification client -> server textDocument/didChange in 205µs

15:20:24.018 [debug] handled notification client -> server textDocument/didChange in 205µs

15:20:24.018 [debug] handled notification client -> server textDocument/didChange in 102µs

15:20:24.018 [debug] handled notification client -> server textDocument/didChange in 103µs

15:20:24.018 [debug] handled notification client -> server textDocument/didChange in 205µs

15:20:24.032 [debug] handled notification client -> server textDocument/didChange in 205µs

15:20:24.204 [debug] handled notification client -> server textDocument/didChange in 512µs

15:20:24.364 [debug] handled notification client -> server textDocument/didChange in 103µs

15:20:27.123 [debug] handled notification client -> server textDocument/didChange in 615µs

15:20:27.380 [debug] handled notification client -> server textDocument/didChange in 102µs

15:20:27.738 [debug] handled notification client -> server textDocument/didChange in 614µs

15:20:28.758 id=23 [debug] handled request client -> server textDocument/completion in 1012ms

15:20:28.758 [debug] sent notification server -> client window/logMessage

15:20:28.758 [warning] Failed to run completion request: ** (MatchError) no match of right hand side value: :timeout
    (next_ls 0.23.3) lib/next_ls.ex:631: NextLS.handle_request/2
    (gen_lsp 0.10.0) lib/gen_lsp.ex:350: anonymous fn/2 in GenLSP.loop/3
    (telemetry 1.2.1) /Users/runner/work/next-ls/next-ls/deps/telemetry/src/telemetry.erl:321: :telemetry.span/3
    (gen_lsp 0.10.0) lib/gen_lsp.ex:349: anonymous fn/7 in GenLSP.loop/3
    (gen_lsp 0.10.0) lib/gen_lsp.ex:553: GenLSP.attempt/4
    (stdlib 6.2) proc_lib.erl:329: :proc_lib.init_p_do_apply/3


15:20:28.758 [debug] handled notification client -> server textDocument/didChange in 205µs

15:20:28.758 [debug] handled notification client -> server textDocument/didChange in 103µs

15:20:28.758 [debug] handled notification client -> server textDocument/didChange in 0µs

15:20:28.758 [debug] handled notification client -> server textDocument/didChange in 0µs

15:20:28.758 [debug] handled notification client -> server textDocument/didChange in 102µs

15:20:29.227 [debug] handled notification client -> server textDocument/didChange in 410µs

15:20:29.502 [debug] handled notification client -> server textDocument/didChange in 409µs

15:20:29.663 [debug] handled notification client -> server textDocument/didChange in 308µs

15:20:29.972 [debug] handled notification client -> server textDocument/didChange in 615µs

15:20:30.352 [debug] handled notification client -> server textDocument/didChange in 204µs

15:20:30.517 [debug] handled notification client -> server textDocument/didChange in 205µs

15:20:32.368 [debug] handled notification client -> server workspace/didChangeWatchedFiles in 205µs

15:20:32.700 [debug] handled notification client -> server textDocument/didChange in 103µs

15:20:32.711 [debug] handled notification client -> server textDocument/didSave in 204µs

15:20:33.810 [debug] handled notification client -> server workspace/didChangeWatchedFiles in 1007ms

15:20:36.113 [debug] handled notification client -> server textDocument/didChange in 205µs

15:20:36.259 [debug] handled notification client -> server textDocument/didChange in 307µs

15:20:36.899 [debug] handled notification client -> server textDocument/didChange in 307µs

15:20:37.919 [debug] sent notification server -> client window/logMessage

15:20:37.919 id=24 [debug] handled request client -> server textDocument/completion in 1013ms

15:20:37.919 [warning] Failed to run completion request: ** (MatchError) no match of right hand side value: :timeout
    (next_ls 0.23.3) lib/next_ls.ex:631: NextLS.handle_request/2
    (gen_lsp 0.10.0) lib/gen_lsp.ex:350: anonymous fn/2 in GenLSP.loop/3
    (telemetry 1.2.1) /Users/runner/work/next-ls/next-ls/deps/telemetry/src/telemetry.erl:321: :telemetry.span/3
    (gen_lsp 0.10.0) lib/gen_lsp.ex:349: anonymous fn/7 in GenLSP.loop/3
    (gen_lsp 0.10.0) lib/gen_lsp.ex:553: GenLSP.attempt/4
    (stdlib 6.2) proc_lib.erl:329: :proc_lib.init_p_do_apply/3


15:20:37.919 [debug] handled notification client -> server textDocument/didChange in 205µs

15:20:37.919 [debug] handled notification client -> server textDocument/didChange in 102µs

15:20:38.002 [debug] handled notification client -> server textDocument/didChange in 205µs

15:20:38.155 [debug] handled notification client -> server textDocument/didChange in 102µs

15:20:39.170 [debug] sent notification server -> client window/logMessage

15:20:39.170 [warning] Failed to run completion request: ** (MatchError) no match of right hand side value: :timeout
    (next_ls 0.23.3) lib/next_ls.ex:631: NextLS.handle_request/2
    (gen_lsp 0.10.0) lib/gen_lsp.ex:350: anonymous fn/2 in GenLSP.loop/3
    (telemetry 1.2.1) /Users/runner/work/next-ls/next-ls/deps/telemetry/src/telemetry.erl:321: :telemetry.span/3
    (gen_lsp 0.10.0) lib/gen_lsp.ex:349: anonymous fn/7 in GenLSP.loop/3
    (gen_lsp 0.10.0) lib/gen_lsp.ex:553: GenLSP.attempt/4
    (stdlib 6.2) proc_lib.erl:329: :proc_lib.init_p_do_apply/3


15:20:39.170 id=25 [debug] handled request client -> server textDocument/completion in 1014ms

15:20:39.171 [debug] handled notification client -> server textDocument/didChange in 307µs

15:20:39.171 [debug] handled notification client -> server textDocument/didChange in 102µs

15:20:39.171 [debug] handled notification client -> server textDocument/didChange in 102µs

15:20:39.171 [debug] handled notification client -> server textDocument/didChange in 102µs

15:20:39.265 [debug] handled notification client -> server textDocument/didChange in 307µs

15:20:39.521 [debug] handled notification client -> server textDocument/didChange in 103µs

15:20:40.809 [debug] handled notification client -> server textDocument/didChange in 308µs

15:20:41.815 id=26 [debug] handled request client -> server textDocument/completion in 1001ms

15:20:41.815 [debug] sent notification server -> client window/logMessage

15:20:41.815 [warning] Failed to run completion request: ** (MatchError) no match of right hand side value: :timeout
    (next_ls 0.23.3) lib/next_ls.ex:631: NextLS.handle_request/2
    (gen_lsp 0.10.0) lib/gen_lsp.ex:350: anonymous fn/2 in GenLSP.loop/3
    (telemetry 1.2.1) /Users/runner/work/next-ls/next-ls/deps/telemetry/src/telemetry.erl:321: :telemetry.span/3
    (gen_lsp 0.10.0) lib/gen_lsp.ex:349: anonymous fn/7 in GenLSP.loop/3
    (gen_lsp 0.10.0) lib/gen_lsp.ex:553: GenLSP.attempt/4
    (stdlib 6.2) proc_lib.erl:329: :proc_lib.init_p_do_apply/3


15:20:41.815 [debug] handled notification client -> server textDocument/didChange in 103µs

15:20:41.815 [debug] handled notification client -> server textDocument/didChange in 102µs

15:20:42.029 [debug] handled notification client -> server textDocument/didChange in 205µs

15:20:42.190 [debug] handled notification client -> server textDocument/didChange in 205µs

15:20:43.255 [debug] handled notification client -> server textDocument/didChange in 410µs

15:20:43.557 [debug] handled notification client -> server textDocument/didChange in 717µs

15:20:43.663 [debug] handled notification client -> server textDocument/didChange in 103µs

15:20:44.669 id=27 [debug] handled request client -> server textDocument/completion in 1004ms

15:20:44.669 [debug] sent notification server -> client window/logMessage

15:20:44.669 [warning] Failed to run completion request: ** (MatchError) no match of right hand side value: :timeout
    (next_ls 0.23.3) lib/next_ls.ex:631: NextLS.handle_request/2
    (gen_lsp 0.10.0) lib/gen_lsp.ex:350: anonymous fn/2 in GenLSP.loop/3
    (telemetry 1.2.1) /Users/runner/work/next-ls/next-ls/deps/telemetry/src/telemetry.erl:321: :telemetry.span/3
    (gen_lsp 0.10.0) lib/gen_lsp.ex:349: anonymous fn/7 in GenLSP.loop/3
    (gen_lsp 0.10.0) lib/gen_lsp.ex:553: GenLSP.attempt/4
    (stdlib 6.2) proc_lib.erl:329: :proc_lib.init_p_do_apply/3


15:20:44.669 [debug] handled notification client -> server textDocument/didChange in 205µs

15:20:44.670 [debug] handled notification client -> server textDocument/didChange in 102µs

15:20:44.670 [debug] handled notification client -> server textDocument/didChange in 102µs

15:20:44.670 [debug] handled notification client -> server textDocument/didChange in 103µs

15:20:44.941 [debug] handled notification client -> server textDocument/didChange in 308µs

15:20:46.512 [debug] handled notification client -> server textDocument/didChange in 614µs

15:20:47.529 [debug] sent notification server -> client window/logMessage

15:20:47.529 id=28 [debug] handled request client -> server textDocument/completion in 1013ms

15:20:47.529 [warning] Failed to run completion request: ** (MatchError) no match of right hand side value: :timeout
    (next_ls 0.23.3) lib/next_ls.ex:631: NextLS.handle_request/2
    (gen_lsp 0.10.0) lib/gen_lsp.ex:350: anonymous fn/2 in GenLSP.loop/3
    (telemetry 1.2.1) /Users/runner/work/next-ls/next-ls/deps/telemetry/src/telemetry.erl:321: :telemetry.span/3
    (gen_lsp 0.10.0) lib/gen_lsp.ex:349: anonymous fn/7 in GenLSP.loop/3
    (gen_lsp 0.10.0) lib/gen_lsp.ex:553: GenLSP.attempt/4
    (stdlib 6.2) proc_lib.erl:329: :proc_lib.init_p_do_apply/3


15:20:47.529 [debug] handled notification client -> server textDocument/didChange in 205µs

15:20:47.529 [debug] handled notification client -> server textDocument/didChange in 0µs

15:20:47.529 [debug] handled notification client -> server textDocument/didChange in 0µs

15:20:47.530 [debug] handled notification client -> server $/cancelRequest in 0µs

15:20:48.534 [debug] sent notification server -> client window/logMessage

15:20:48.534 id=29 [debug] handled request client -> server textDocument/completion in 1005ms

15:20:48.534 [warning] Failed to run completion request: ** (MatchError) no match of right hand side value: :timeout
    (next_ls 0.23.3) lib/next_ls.ex:631: NextLS.handle_request/2
    (gen_lsp 0.10.0) lib/gen_lsp.ex:350: anonymous fn/2 in GenLSP.loop/3
    (telemetry 1.2.1) /Users/runner/work/next-ls/next-ls/deps/telemetry/src/telemetry.erl:321: :telemetry.span/3
    (gen_lsp 0.10.0) lib/gen_lsp.ex:349: anonymous fn/7 in GenLSP.loop/3
    (gen_lsp 0.10.0) lib/gen_lsp.ex:553: GenLSP.attempt/4
    (stdlib 6.2) proc_lib.erl:329: :proc_lib.init_p_do_apply/3


15:20:48.535 [debug] handled notification client -> server textDocument/didChange in 205µs

15:20:48.535 [debug] handled notification client -> server textDocument/didChange in 307µs

15:20:48.535 [debug] handled notification client -> server $/cancelRequest in 103µs

15:20:49.548 id=30 [debug] handled request client -> server textDocument/completion in 1012ms

15:20:49.548 [debug] sent notification server -> client window/logMessage

15:20:49.549 [warning] Failed to run completion request: ** (MatchError) no match of right hand side value: :timeout
    (next_ls 0.23.3) lib/next_ls.ex:631: NextLS.handle_request/2
    (gen_lsp 0.10.0) lib/gen_lsp.ex:350: anonymous fn/2 in GenLSP.loop/3
    (telemetry 1.2.1) /Users/runner/work/next-ls/next-ls/deps/telemetry/src/telemetry.erl:321: :telemetry.span/3
    (gen_lsp 0.10.0) lib/gen_lsp.ex:349: anonymous fn/7 in GenLSP.loop/3
    (gen_lsp 0.10.0) lib/gen_lsp.ex:553: GenLSP.attempt/4
    (stdlib 6.2) proc_lib.erl:329: :proc_lib.init_p_do_apply/3


15:20:49.549 [debug] handled notification client -> server textDocument/didChange in 205µs

15:20:49.549 [debug] handled notification client -> server textDocument/didChange in 205µs

15:20:49.549 [debug] handled notification client -> server textDocument/didChange in 204µs

15:20:53.544 [debug] handled notification client -> server workspace/didChangeWatchedFiles in 205µs

15:20:53.943 [debug] handled notification client -> server textDocument/didSave in 102µs

15:20:54.045 [debug] handled notification client -> server workspace/didChangeWatchedFiles in 410µs

15:21:00.791 [debug] handled notification client -> server textDocument/didChange in 512µs

15:21:01.142 [debug] handled notification client -> server textDocument/didChange in 307µs

15:21:01.305 [debug] handled notification client -> server textDocument/didChange in 205µs

15:21:02.866 [debug] handled notification client -> server textDocument/didChange in 409µs

15:21:03.880 [debug] sent notification server -> client window/logMessage

15:21:03.880 [warning] Failed to run completion request: ** (MatchError) no match of right hand side value: :timeout
    (next_ls 0.23.3) lib/next_ls.ex:631: NextLS.handle_request/2
    (gen_lsp 0.10.0) lib/gen_lsp.ex:350: anonymous fn/2 in GenLSP.loop/3
    (telemetry 1.2.1) /Users/runner/work/next-ls/next-ls/deps/telemetry/src/telemetry.erl:321: :telemetry.span/3
    (gen_lsp 0.10.0) lib/gen_lsp.ex:349: anonymous fn/7 in GenLSP.loop/3
    (gen_lsp 0.10.0) lib/gen_lsp.ex:553: GenLSP.attempt/4
    (stdlib 6.2) proc_lib.erl:329: :proc_lib.init_p_do_apply/3


15:21:03.880 id=31 [debug] handled request client -> server textDocument/completion in 1009ms

15:21:04.129 [debug] handled notification client -> server textDocument/didChange in 205µs

15:21:06.195 [debug] handled notification client -> server textDocument/didChange in 716µs

15:21:07.212 [debug] sent notification server -> client window/logMessage

15:21:07.212 [warning] Failed to run completion request: ** (MatchError) no match of right hand side value: :timeout
    (next_ls 0.23.3) lib/next_ls.ex:631: NextLS.handle_request/2
    (gen_lsp 0.10.0) lib/gen_lsp.ex:350: anonymous fn/2 in GenLSP.loop/3
    (telemetry 1.2.1) /Users/runner/work/next-ls/next-ls/deps/telemetry/src/telemetry.erl:321: :telemetry.span/3
    (gen_lsp 0.10.0) lib/gen_lsp.ex:349: anonymous fn/7 in GenLSP.loop/3
    (gen_lsp 0.10.0) lib/gen_lsp.ex:553: GenLSP.attempt/4
    (stdlib 6.2) proc_lib.erl:329: :proc_lib.init_p_do_apply/3


15:21:07.212 id=32 [debug] handled request client -> server textDocument/completion in 1012ms

15:21:07.212 [debug] handled notification client -> server textDocument/didChange in 102µs

15:21:07.212 [debug] handled notification client -> server textDocument/didChange in 103µs

15:21:07.213 [debug] handled notification client -> server textDocument/didChange in 102µs

15:21:07.213 [debug] handled notification client -> server textDocument/didChange in 0µs

15:21:07.213 [debug] handled notification client -> server textDocument/didChange in 205µs

15:21:07.488 [debug] handled notification client -> server textDocument/didChange in 205µs

15:21:07.651 [debug] handled notification client -> server textDocument/didChange in 409µs

15:21:08.061 [debug] handled notification client -> server textDocument/didChange in 308µs

15:21:08.224 [debug] handled notification client -> server textDocument/didChange in 307µs

15:21:09.934 [debug] handled notification client -> server textDocument/didChange in 410µs

15:21:10.947 [debug] sent notification server -> client window/logMessage

15:21:10.947 id=33 [debug] handled request client -> server textDocument/completion in 1009ms

15:21:10.947 [warning] Failed to run completion request: ** (MatchError) no match of right hand side value: :timeout
    (next_ls 0.23.3) lib/next_ls.ex:631: NextLS.handle_request/2
    (gen_lsp 0.10.0) lib/gen_lsp.ex:350: anonymous fn/2 in GenLSP.loop/3
    (telemetry 1.2.1) /Users/runner/work/next-ls/next-ls/deps/telemetry/src/telemetry.erl:321: :telemetry.span/3
    (gen_lsp 0.10.0) lib/gen_lsp.ex:349: anonymous fn/7 in GenLSP.loop/3
    (gen_lsp 0.10.0) lib/gen_lsp.ex:553: GenLSP.attempt/4
    (stdlib 6.2) proc_lib.erl:329: :proc_lib.init_p_do_apply/3


15:21:10.947 [debug] handled notification client -> server textDocument/didChange in 410µs

15:21:10.948 [debug] handled notification client -> server textDocument/didChange in 307µs

15:21:11.807 [debug] handled notification client -> server textDocument/didChange in 103µs

15:21:11.969 [debug] handled notification client -> server textDocument/didChange in 307µs

15:21:12.411 [debug] handled notification client -> server textDocument/didChange in 410µs

15:21:13.428 [debug] sent notification server -> client window/logMessage

15:21:13.428 [warning] Failed to run completion request: ** (MatchError) no match of right hand side value: :timeout
    (next_ls 0.23.3) lib/next_ls.ex:631: NextLS.handle_request/2
    (gen_lsp 0.10.0) lib/gen_lsp.ex:350: anonymous fn/2 in GenLSP.loop/3
    (telemetry 1.2.1) /Users/runner/work/next-ls/next-ls/deps/telemetry/src/telemetry.erl:321: :telemetry.span/3
    (gen_lsp 0.10.0) lib/gen_lsp.ex:349: anonymous fn/7 in GenLSP.loop/3
    (gen_lsp 0.10.0) lib/gen_lsp.ex:553: GenLSP.attempt/4
    (stdlib 6.2) proc_lib.erl:329: :proc_lib.init_p_do_apply/3


15:21:13.428 id=34 [debug] handled request client -> server textDocument/completion in 1012ms

15:21:13.428 [debug] handled notification client -> server textDocument/didChange in 205µs

15:21:13.428 [debug] handled notification client -> server textDocument/didChange in 205µs

15:21:13.428 [debug] handled notification client -> server textDocument/didChange in 102µs

15:21:13.586 [debug] handled notification client -> server textDocument/didChange in 103µs

15:21:14.593 [debug] sent notification server -> client window/logMessage

15:21:14.594 id=35 [debug] handled request client -> server textDocument/completion in 1003ms

15:21:14.594 [warning] Failed to run completion request: ** (MatchError) no match of right hand side value: :timeout
    (next_ls 0.23.3) lib/next_ls.ex:631: NextLS.handle_request/2
    (gen_lsp 0.10.0) lib/gen_lsp.ex:350: anonymous fn/2 in GenLSP.loop/3
    (telemetry 1.2.1) /Users/runner/work/next-ls/next-ls/deps/telemetry/src/telemetry.erl:321: :telemetry.span/3
    (gen_lsp 0.10.0) lib/gen_lsp.ex:349: anonymous fn/7 in GenLSP.loop/3
    (gen_lsp 0.10.0) lib/gen_lsp.ex:553: GenLSP.attempt/4
    (stdlib 6.2) proc_lib.erl:329: :proc_lib.init_p_do_apply/3


15:21:14.594 [debug] handled notification client -> server textDocument/didChange in 205µs

15:21:14.594 [debug] handled notification client -> server $/cancelRequest in 0µs

15:21:15.604 [debug] sent notification server -> client window/logMessage

15:21:15.604 id=36 [debug] handled request client -> server textDocument/completion in 1008ms

15:21:15.604 [warning] Failed to run completion request: ** (MatchError) no match of right hand side value: :timeout
    (next_ls 0.23.3) lib/next_ls.ex:631: NextLS.handle_request/2
    (gen_lsp 0.10.0) lib/gen_lsp.ex:350: anonymous fn/2 in GenLSP.loop/3
    (telemetry 1.2.1) /Users/runner/work/next-ls/next-ls/deps/telemetry/src/telemetry.erl:321: :telemetry.span/3
    (gen_lsp 0.10.0) lib/gen_lsp.ex:349: anonymous fn/7 in GenLSP.loop/3
    (gen_lsp 0.10.0) lib/gen_lsp.ex:553: GenLSP.attempt/4
    (stdlib 6.2) proc_lib.erl:329: :proc_lib.init_p_do_apply/3


15:21:15.604 [debug] handled notification client -> server textDocument/didChange in 205µs

15:21:15.668 [debug] handled notification client -> server textDocument/didChange in 614µs

15:21:15.832 [debug] handled notification client -> server textDocument/didChange in 204µs

15:21:16.852 [debug] sent notification server -> client window/logMessage

15:21:16.852 id=37 [debug] handled request client -> server textDocument/completion in 1016ms

15:21:16.852 [warning] Failed to run completion request: ** (MatchError) no match of right hand side value: :timeout
    (next_ls 0.23.3) lib/next_ls.ex:631: NextLS.handle_request/2
    (gen_lsp 0.10.0) lib/gen_lsp.ex:350: anonymous fn/2 in GenLSP.loop/3
    (telemetry 1.2.1) /Users/runner/work/next-ls/next-ls/deps/telemetry/src/telemetry.erl:321: :telemetry.span/3
    (gen_lsp 0.10.0) lib/gen_lsp.ex:349: anonymous fn/7 in GenLSP.loop/3
    (gen_lsp 0.10.0) lib/gen_lsp.ex:553: GenLSP.attempt/4
    (stdlib 6.2) proc_lib.erl:329: :proc_lib.init_p_do_apply/3


15:21:16.852 [debug] handled notification client -> server textDocument/didChange in 205µs

15:21:16.852 [debug] handled notification client -> server textDocument/didChange in 102µs

15:21:16.853 [debug] handled notification client -> server textDocument/didChange in 103µs

15:21:16.853 [debug] handled notification client -> server textDocument/didChange in 102µs

15:21:16.853 [debug] handled notification client -> server $/cancelRequest in 0µs

15:21:17.862 [debug] sent notification server -> client window/logMessage

15:21:17.862 [warning] Failed to run completion request: ** (MatchError) no match of right hand side value: :timeout
    (next_ls 0.23.3) lib/next_ls.ex:631: NextLS.handle_request/2
    (gen_lsp 0.10.0) lib/gen_lsp.ex:350: anonymous fn/2 in GenLSP.loop/3
    (telemetry 1.2.1) /Users/runner/work/next-ls/next-ls/deps/telemetry/src/telemetry.erl:321: :telemetry.span/3
    (gen_lsp 0.10.0) lib/gen_lsp.ex:349: anonymous fn/7 in GenLSP.loop/3
    (gen_lsp 0.10.0) lib/gen_lsp.ex:553: GenLSP.attempt/4
    (stdlib 6.2) proc_lib.erl:329: :proc_lib.init_p_do_apply/3


15:21:17.862 id=38 [debug] handled request client -> server textDocument/completion in 1008ms

15:21:17.862 [debug] handled notification client -> server textDocument/didChange in 307µs

15:21:17.863 [debug] handled notification client -> server textDocument/didChange in 205µs

15:21:17.863 [debug] handled notification client -> server textDocument/didChange in 205µs

15:21:18.970 [debug] handled notification client -> server textDocument/didChange in 409µs

15:21:19.115 [debug] handled notification client -> server textDocument/didChange in 205µs

15:21:19.666 [debug] handled notification client -> server textDocument/didChange in 204µs

15:21:19.817 [debug] handled notification client -> server textDocument/didChange in 410µs

15:21:20.406 [debug] handled notification client -> server textDocument/didChange in 307µs

15:21:20.554 [debug] handled notification client -> server textDocument/didChange in 308µs

15:21:20.707 [debug] handled notification client -> server textDocument/didChange in 205µs

15:21:21.001 [debug] handled notification client -> server textDocument/didChange in 717µs

15:21:22.011 [debug] sent notification server -> client window/logMessage

15:21:22.011 [warning] Failed to run completion request: ** (MatchError) no match of right hand side value: :timeout
    (next_ls 0.23.3) lib/next_ls.ex:631: NextLS.handle_request/2
    (gen_lsp 0.10.0) lib/gen_lsp.ex:350: anonymous fn/2 in GenLSP.loop/3
    (telemetry 1.2.1) /Users/runner/work/next-ls/next-ls/deps/telemetry/src/telemetry.erl:321: :telemetry.span/3
    (gen_lsp 0.10.0) lib/gen_lsp.ex:349: anonymous fn/7 in GenLSP.loop/3
    (gen_lsp 0.10.0) lib/gen_lsp.ex:553: GenLSP.attempt/4
    (stdlib 6.2) proc_lib.erl:329: :proc_lib.init_p_do_apply/3


15:21:22.011 id=39 [debug] handled request client -> server textDocument/completion in 1005ms

15:21:22.012 [debug] handled notification client -> server textDocument/didChange in 409µs

15:21:22.012 [debug] handled notification client -> server textDocument/didChange in 512µs

15:21:22.655 [debug] handled notification client -> server textDocument/didChange in 307µs

15:21:22.804 [debug] handled notification client -> server textDocument/didChange in 205µs

15:21:22.969 [debug] handled notification client -> server textDocument/didChange in 205µs

15:21:23.113 [debug] handled notification client -> server textDocument/didChange in 307µs

15:21:23.272 [debug] handled notification client -> server textDocument/didChange in 102µs

15:21:23.428 [debug] handled notification client -> server textDocument/didChange in 409µs

15:21:23.581 [debug] handled notification client -> server textDocument/didChange in 103µs

15:21:23.801 [debug] handled notification client -> server textDocument/didChange in 307µs

15:21:23.949 [debug] handled notification client -> server textDocument/didChange in 205µs

15:21:24.105 [debug] handled notification client -> server textDocument/didChange in 205µs

15:21:25.912 [debug] handled notification client -> server textDocument/didChange in 512µs

15:21:26.065 [debug] handled notification client -> server textDocument/didChange in 717µs

15:21:26.131 [debug] handled notification client -> server textDocument/didChange in 204µs

15:21:27.145 id=40 [debug] handled request client -> server textDocument/completion in 1013ms

15:21:27.145 [debug] sent notification server -> client window/logMessage

15:21:27.145 [warning] Failed to run completion request: ** (MatchError) no match of right hand side value: :timeout
    (next_ls 0.23.3) lib/next_ls.ex:631: NextLS.handle_request/2
    (gen_lsp 0.10.0) lib/gen_lsp.ex:350: anonymous fn/2 in GenLSP.loop/3
    (telemetry 1.2.1) /Users/runner/work/next-ls/next-ls/deps/telemetry/src/telemetry.erl:321: :telemetry.span/3
    (gen_lsp 0.10.0) lib/gen_lsp.ex:349: anonymous fn/7 in GenLSP.loop/3
    (gen_lsp 0.10.0) lib/gen_lsp.ex:553: GenLSP.attempt/4
    (stdlib 6.2) proc_lib.erl:329: :proc_lib.init_p_do_apply/3


15:21:27.146 [debug] handled notification client -> server textDocument/didChange in 205µs

15:21:27.146 [debug] handled notification client -> server textDocument/didChange in 308µs

15:21:27.596 [debug] handled notification client -> server textDocument/didChange in 410µs

15:21:29.354 [debug] handled notification client -> server textDocument/didChange in 307µs

15:21:30.566 [debug] handled notification client -> server textDocument/didChange in 512µs

15:21:31.577 [debug] sent notification server -> client window/logMessage

15:21:31.578 [warning] Failed to run completion request: ** (MatchError) no match of right hand side value: :timeout
    (next_ls 0.23.3) lib/next_ls.ex:631: NextLS.handle_request/2
    (gen_lsp 0.10.0) lib/gen_lsp.ex:350: anonymous fn/2 in GenLSP.loop/3
    (telemetry 1.2.1) /Users/runner/work/next-ls/next-ls/deps/telemetry/src/telemetry.erl:321: :telemetry.span/3
    (gen_lsp 0.10.0) lib/gen_lsp.ex:349: anonymous fn/7 in GenLSP.loop/3
    (gen_lsp 0.10.0) lib/gen_lsp.ex:553: GenLSP.attempt/4
    (stdlib 6.2) proc_lib.erl:329: :proc_lib.init_p_do_apply/3


15:21:31.578 id=41 [debug] handled request client -> server textDocument/completion in 1007ms

15:21:31.578 [debug] handled notification client -> server textDocument/didChange in 205µs

15:21:31.578 [debug] handled notification client -> server $/cancelRequest in 102µs

15:21:31.578 [debug] handled notification client -> server textDocument/didChange in 205µs

15:21:32.582 [debug] sent notification server -> client window/logMessage

15:21:32.582 [warning] Failed to run completion request: ** (MatchError) no match of right hand side value: :timeout
    (next_ls 0.23.3) lib/next_ls.ex:631: NextLS.handle_request/2
    (gen_lsp 0.10.0) lib/gen_lsp.ex:350: anonymous fn/2 in GenLSP.loop/3
    (telemetry 1.2.1) /Users/runner/work/next-ls/next-ls/deps/telemetry/src/telemetry.erl:321: :telemetry.span/3
    (gen_lsp 0.10.0) lib/gen_lsp.ex:349: anonymous fn/7 in GenLSP.loop/3
    (gen_lsp 0.10.0) lib/gen_lsp.ex:553: GenLSP.attempt/4
    (stdlib 6.2) proc_lib.erl:329: :proc_lib.init_p_do_apply/3


15:21:32.582 id=42 [debug] handled request client -> server textDocument/completion in 1003ms

15:21:32.582 [debug] handled notification client -> server textDocument/didChange in 102µs

15:21:32.582 [debug] handled notification client -> server $/cancelRequest in 0µs

15:21:33.589 [debug] sent notification server -> client window/logMessage

15:21:33.589 id=43 [debug] handled request client -> server textDocument/completion in 1007ms

15:21:33.589 [warning] Failed to run completion request: ** (MatchError) no match of right hand side value: :timeout
    (next_ls 0.23.3) lib/next_ls.ex:631: NextLS.handle_request/2
    (gen_lsp 0.10.0) lib/gen_lsp.ex:350: anonymous fn/2 in GenLSP.loop/3
    (telemetry 1.2.1) /Users/runner/work/next-ls/next-ls/deps/telemetry/src/telemetry.erl:321: :telemetry.span/3
    (gen_lsp 0.10.0) lib/gen_lsp.ex:349: anonymous fn/7 in GenLSP.loop/3
    (gen_lsp 0.10.0) lib/gen_lsp.ex:553: GenLSP.attempt/4
    (stdlib 6.2) proc_lib.erl:329: :proc_lib.init_p_do_apply/3


15:21:33.590 [debug] handled notification client -> server textDocument/didChange in 102µs

15:21:33.590 [debug] handled notification client -> server textDocument/didChange in 102µs

15:21:33.590 [debug] handled notification client -> server textDocument/didChange in 0µs

15:21:33.590 [debug] handled notification client -> server textDocument/didChange in 0µs

15:21:33.590 [debug] handled notification client -> server textDocument/didChange in 102µs

15:21:33.590 [debug] handled notification client -> server $/cancelRequest in 0µs

15:21:34.600 [debug] sent notification server -> client window/logMessage

15:21:34.601 [warning] Failed to run completion request: ** (MatchError) no match of right hand side value: :timeout
    (next_ls 0.23.3) lib/next_ls.ex:631: NextLS.handle_request/2
    (gen_lsp 0.10.0) lib/gen_lsp.ex:350: anonymous fn/2 in GenLSP.loop/3
    (telemetry 1.2.1) /Users/runner/work/next-ls/next-ls/deps/telemetry/src/telemetry.erl:321: :telemetry.span/3
    (gen_lsp 0.10.0) lib/gen_lsp.ex:349: anonymous fn/7 in GenLSP.loop/3
    (gen_lsp 0.10.0) lib/gen_lsp.ex:553: GenLSP.attempt/4
    (stdlib 6.2) proc_lib.erl:329: :proc_lib.init_p_do_apply/3


15:21:34.601 id=44 [debug] handled request client -> server textDocument/completion in 1010ms

15:21:34.601 [debug] handled notification client -> server textDocument/didChange in 205µs

15:21:34.601 [debug] handled notification client -> server textDocument/didChange in 102µs

15:21:34.601 [debug] handled notification client -> server textDocument/didChange in 102µs

15:21:34.929 [debug] handled notification client -> server workspace/didChangeWatchedFiles in 205µs

15:21:35.238 [debug] handled notification client -> server textDocument/didChange in 205µs

15:21:35.250 [debug] handled notification client -> server textDocument/didChange in 204µs

15:21:35.252 [debug] handled notification client -> server textDocument/didSave in 205µs

15:21:36.351 [debug] handled notification client -> server workspace/didChangeWatchedFiles in 1006ms

15:21:41.125 [debug] handled notification client -> server workspace/didChangeWatchedFiles in 307µs
