
09:53:25.753 [info] Loading 76 CA(s) from :otp store

09:53:28.103 id=1 [debug] handled request client -> server initialize in 1713ms

09:53:28.208 [debug] sent notification server -> client window/logMessage

09:53:28.258 [debug] NextLS v0.23.3 has initialized!

09:53:28.258 [debug] sent notification server -> client window/logMessage

09:53:28.258 [debug] Log file located at d:/Work/Project/Git/Elixir/Challenges/star_tracker/.elixir-tools/next-ls.log

09:53:28.297 [debug] sent notification server -> client window/logMessage

09:53:28.298 [info] [extension] Credo initializing with options %NextLS.InitOpts.Extensions.Credo{enable: true, cli_options: []}

09:53:28.298 id=66 [debug] sent request server -> client client/registerCapability

09:53:39.563 [debug] sent notification server -> client window/logMessage

09:53:39.563 [debug] Booting runtimes...

09:53:39.598 id=98 [debug] sent request server -> client window/workDoneProgress/create

09:53:39.638 [debug] sent notification server -> client $/progress

09:53:39.743 [error] ** (MatchError) no match of right hand side value: {:error, {%File.Error{reason: :enoent, path: "/D:/Work/Project/Git/Elixir/Challenges/star_tracker/.elixir-tools", action: "make directory (with -p)"}, [{File, :mkdir_p!, 1, [file: ~c"lib/file.ex", line: 346]}, {NextLS.Runtime.Supervisor, :init, 1, [file: ~c"lib/next_ls/runtime/supervisor.ex", line: 18]}, {:supervisor, :init, 1, [file: ~c"supervisor.erl", line: 869]}, {:gen_server, :init_it, 2, [file: ~c"gen_server.erl", line: 2229]}, {:gen_server, :init_it, 6, [file: ~c"gen_server.erl", line: 2184]}, {:proc_lib, :init_p_do_apply, 3, [file: ~c"proc_lib.erl", line: 329]}]}}
    (next_ls 0.23.3) lib/next_ls.ex:899: anonymous fn/5 in NextLS.handle_notification/2
    (elixir 1.17.3) lib/enum.ex:2531: Enum."-reduce/3-lists^foldl/2-0-"/3
    (next_ls 0.23.3) lib/next_ls.ex:894: NextLS.handle_notification/2
    (gen_lsp 0.10.0) lib/gen_lsp.ex:478: anonymous fn/2 in GenLSP.loop/3
    (telemetry 1.2.1) /Users/runner/work/next-ls/next-ls/deps/telemetry/src/telemetry.erl:321: :telemetry.span/3
    (gen_lsp 0.10.0) lib/gen_lsp.ex:474: anonymous fn/7 in GenLSP.loop/3
    (gen_lsp 0.10.0) lib/gen_lsp.ex:553: GenLSP.attempt/4
    (stdlib 6.2) proc_lib.erl:329: :proc_lib.init_p_do_apply/3


09:53:39.743 [debug] sent notification server -> client window/logMessage

09:53:39.793 [debug] handled notification client -> server textDocument/didOpen in 50ms

09:53:39.923 [debug] handled notification client -> server textDocument/didChange in 130ms

09:53:39.923 [debug] handled notification client -> server textDocument/didChange in 1ms

09:53:39.928 [debug] handled notification client -> server textDocument/didChange in 921µs

09:53:39.928 [debug] handled notification client -> server textDocument/didChange in 717µs

09:53:39.928 [debug] handled notification client -> server textDocument/didChange in 614µs

09:53:39.928 [debug] handled notification client -> server textDocument/didChange in 512µs

09:53:39.928 [debug] handled notification client -> server textDocument/didChange in 512µs

09:53:39.928 [debug] handled notification client -> server textDocument/didChange in 512µs

09:53:39.978 [debug] handled notification client -> server textDocument/didSave in 50ms

09:53:40.029 [debug] handled notification client -> server workspace/didChangeWatchedFiles in 48ms

09:53:40.029 [debug] handled notification client -> server workspace/didChangeWatchedFiles in 103µs

09:53:40.053 [debug] handled notification client -> server textDocument/didClose in 26ms

09:53:40.053 [debug] handled notification client -> server textDocument/didOpen in 307µs

09:53:40.053 [debug] handled notification client -> server workspace/didChangeWatchedFiles in 205µs

09:53:40.053 [debug] handled notification client -> server textDocument/didClose in 0µs

09:53:40.398 [debug] handled notification client -> server textDocument/didOpen in 716µs

09:53:41.093 [debug] handled notification client -> server workspace/didChangeWatchedFiles in 307µs

09:53:42.723 [debug] handled notification client -> server textDocument/didClose in 512µs

09:53:46.509 [debug] handled notification client -> server textDocument/didOpen in 615µs

09:53:47.189 [debug] handled notification client -> server workspace/didChangeWatchedFiles in 410µs

09:53:51.063 [debug] handled notification client -> server textDocument/didChange in 307µs

09:53:52.228 [debug] handled notification client -> server textDocument/didChange in 410µs

09:53:52.378 [debug] handled notification client -> server textDocument/didChange in 410µs

09:53:53.128 [debug] handled notification client -> server textDocument/didChange in 205µs

09:53:53.373 [debug] handled notification client -> server textDocument/didChange in 307µs

09:53:53.528 [debug] handled notification client -> server textDocument/didChange in 307µs

09:53:53.648 [debug] handled notification client -> server textDocument/didChange in 410µs

09:53:54.848 [debug] sent notification server -> client window/logMessage

09:53:54.848 [warning] Failed to run completion request: ** (MatchError) no match of right hand side value: :timeout
    (next_ls 0.23.3) lib/next_ls.ex:631: NextLS.handle_request/2
    (gen_lsp 0.10.0) lib/gen_lsp.ex:350: anonymous fn/2 in GenLSP.loop/3
    (telemetry 1.2.1) /Users/runner/work/next-ls/next-ls/deps/telemetry/src/telemetry.erl:321: :telemetry.span/3
    (gen_lsp 0.10.0) lib/gen_lsp.ex:349: anonymous fn/7 in GenLSP.loop/3
    (gen_lsp 0.10.0) lib/gen_lsp.ex:553: GenLSP.attempt/4
    (stdlib 6.2) proc_lib.erl:329: :proc_lib.init_p_do_apply/3


09:53:54.983 id=2 [debug] handled request client -> server textDocument/completion in 1336ms

09:53:54.983 [debug] handled notification client -> server textDocument/didChange in 307µs

09:53:54.983 [debug] handled notification client -> server textDocument/didChange in 307µs

09:53:54.998 [debug] handled notification client -> server textDocument/didChange in 819µs

09:53:55.174 [debug] handled notification client -> server textDocument/didChange in 819µs

09:53:56.193 [debug] sent notification server -> client window/logMessage

09:53:56.193 id=3 [debug] handled request client -> server textDocument/completion in 1011ms

09:53:56.193 [warning] Failed to run completion request: ** (MatchError) no match of right hand side value: :timeout
    (next_ls 0.23.3) lib/next_ls.ex:631: NextLS.handle_request/2
    (gen_lsp 0.10.0) lib/gen_lsp.ex:350: anonymous fn/2 in GenLSP.loop/3
    (telemetry 1.2.1) /Users/runner/work/next-ls/next-ls/deps/telemetry/src/telemetry.erl:321: :telemetry.span/3
    (gen_lsp 0.10.0) lib/gen_lsp.ex:349: anonymous fn/7 in GenLSP.loop/3
    (gen_lsp 0.10.0) lib/gen_lsp.ex:553: GenLSP.attempt/4
    (stdlib 6.2) proc_lib.erl:329: :proc_lib.init_p_do_apply/3


09:53:56.193 [debug] handled notification client -> server textDocument/didChange in 512µs

09:53:56.228 [debug] handled notification client -> server $/cancelRequest in 35ms

09:53:57.243 [debug] sent notification server -> client window/logMessage

09:53:57.243 [warning] Failed to run completion request: ** (MatchError) no match of right hand side value: :timeout
    (next_ls 0.23.3) lib/next_ls.ex:631: NextLS.handle_request/2
    (gen_lsp 0.10.0) lib/gen_lsp.ex:350: anonymous fn/2 in GenLSP.loop/3
    (telemetry 1.2.1) /Users/runner/work/next-ls/next-ls/deps/telemetry/src/telemetry.erl:321: :telemetry.span/3
    (gen_lsp 0.10.0) lib/gen_lsp.ex:349: anonymous fn/7 in GenLSP.loop/3
    (gen_lsp 0.10.0) lib/gen_lsp.ex:553: GenLSP.attempt/4
    (stdlib 6.2) proc_lib.erl:329: :proc_lib.init_p_do_apply/3


09:53:57.243 id=4 [debug] handled request client -> server textDocument/completion in 1013ms

09:53:57.378 [debug] handled notification client -> server textDocument/didSave in 512µs

09:53:57.473 [debug] handled notification client -> server workspace/didChangeWatchedFiles in 2ms

09:53:57.814 [debug] handled notification client -> server workspace/didChangeWatchedFiles in 410µs

09:53:58.549 [debug] handled notification client -> server textDocument/didClose in 205µs

09:54:00.343 id=5 [debug] handled request client -> server shutdown in 15ms
